#
# A fatal error has been detected by the Java Runtime Environment:
#
#  EXCEPTION_ACCESS_VIOLATION (0xc0000005) at pc=0x00007ffa32edc839, pid=6260, tid=3080
#
# JRE version: OpenJDK Runtime Environment Zulu17.42+19-CA (17.0.7+7) (build 17.0.7+7-LTS)
# Java VM: OpenJDK 64-Bit Server VM Zulu17.42+19-CA (17.0.7+7-LTS, mixed mode, emulated-client, sharing, tiered, compressed oops, compressed class ptrs, g1 gc, windows-amd64)
# Problematic frame:
# V  [jvm.dll+0x30c839]
#
# No core dump will be written. Minidumps are not enabled by default on client versions of Windows
#
# If you would like to submit a bug report, please visit:
#   http://www.azul.com/support/
#

---------------  S U M M A R Y ------------

Command Line: -XX:TieredStopAtLevel=1 -Dspring.output.ansi.enabled=always -Dcom.sun.management.jmxremote -Dspring.jmx.enabled=true -Dspring.liveBeansView.mbeanDomain -Dspring.application.admin.enabled=true -Dmanagement.endpoints.jmx.exposure.include=* -javaagent:C:\Program Files\JetBrains\IntelliJ IDEA 2023.1\lib\idea_rt.jar=52805:C:\Program Files\JetBrains\IntelliJ IDEA 2023.1\bin -Dfile.encoding=UTF-8 com.green.secondproject.SecondProjectApplication

Host: Intel(R) Core(TM) i7-8700 CPU @ 3.20GHz, 12 cores, 15G,  Windows 10 , 64 bit Build 19041 (10.0.19041.3155)
Time: Fri Sep  1 16:08:09 2023  Windows 10 , 64 bit Build 19041 (10.0.19041.3155) elapsed time: 0.926534 seconds (0d 0h 0m 0s)

---------------  T H R E A D  ---------------

Current thread (0x0000021d7c578f50):  GCTaskThread "GC Thread#0" [stack: 0x00000099cbc00000,0x00000099cbd00000] [id=3080]

Stack: [0x00000099cbc00000,0x00000099cbd00000],  sp=0x00000099cbcff690,  free space=1021k
Native frames: (J=compiled Java code, j=interpreted, Vv=VM code, C=native code)
V  [jvm.dll+0x30c839]
V  [jvm.dll+0x30962e]
V  [jvm.dll+0x31c20f]
V  [jvm.dll+0x1f6784]
V  [jvm.dll+0x3095ab]
V  [jvm.dll+0x1f9048]
V  [jvm.dll+0x31d180]
V  [jvm.dll+0x31cfc5]
V  [jvm.dll+0x2e41f4]
V  [jvm.dll+0x2e5c4b]
V  [jvm.dll+0x86707b]
V  [jvm.dll+0x8670c6]
V  [jvm.dll+0x7ea73a]
V  [jvm.dll+0x67b5c5]
C  [ucrtbase.dll+0x21bb2]
C  [KERNEL32.DLL+0x17614]
C  [ntdll.dll+0x526b1]


siginfo: EXCEPTION_ACCESS_VIOLATION (0xc0000005), reading address 0x0000000000000020


Register to memory mapping:

RIP=0x00007ffa32edc839 jvm.dll
RAX=0x0 is NULL
RBX=0x000000070dbbeabd is pointing into object: java.lang.invoke.MethodType 
{0x000000070dbbeaa0} - klass: 'java/lang/invoke/MethodType'
 - ---- fields (total size 5 words):
 - private final synchronized 'rtype' 'Ljava/lang/Class;' @12  a 'java/lang/Class'{0x00000007019467d0} = void (e0328cfa)
 - private final synchronized 'ptypes' '[Ljava/lang/Class;' @16  a 'java/lang/Class'[2] {0x000000070dbbea58} (e1b77d4b)
 - private synchronized 'form' 'Ljava/lang/invoke/MethodTypeForm;' @20  a 'java/lang/invoke/MethodTypeForm'{0x00000007018ef258} (e031de4b)
 - private synchronized 'wrapAlt' 'Ljava/lang/Object;' @24  NULL (0)
 - private synchronized 'invokers' 'Ljava/lang/invoke/Invokers;' @28  
[error occurred during error reporting (printing register info), id 0xc0000005, EXCEPTION_ACCESS_VIOLATION (0xc0000005) at pc=0x00007ffa32f6680e]

Registers:
RAX=0x0000000000000000, RBX=0x000000070dbbeabd, RCX=0x0000000000000015, RDX=0x0000000000000000
RSP=0x00000099cbcff690, RBP=0x000000000000016d, RSI=0x000000070dbbeabc, RDI=0x0000021d18c26710
R8 =0x000000070dbbea58, R9 =0x00000007019467d0, R10=0x0000000000000020, R11=0x0000000000000001
R12=0x0000021d7c51ca88, R13=0x00000000000003d8, R14=0x0000000000000040, R15=0x0000000000000000
RIP=0x00007ffa32edc839, EFLAGS=0x0000000000010246

Top of Stack: (sp=0x00000099cbcff690)
0x00000099cbcff690:   000000070fe40000 0000000000000001
0x00000099cbcff6a0:   0000000000000008 0000000000000001
0x00000099cbcff6b0:   0000021d19141870 0000021d191418a8
0x00000099cbcff6c0:   0000021d18d0a228 0000021d18d0a140
0x00000099cbcff6d0:   0000000000000020 00007ffa32ed962e
0x00000099cbcff6e0:   0000000000000020 0000021d18c26710
0x00000099cbcff6f0:   0000021d191418a8 00000000000003d8
0x00000099cbcff700:   00000000008c07d8 00000000ad692760
0x00000099cbcff710:   0000021d18d0a140 0000000000000020
0x00000099cbcff720:   0000021d191418a8 00007ffa32eec20f
0x00000099cbcff730:   0000000000000000 00007ffa333b0001
0x00000099cbcff740:   0000000000000010 00000018ed721409
0x00000099cbcff750:   0000021d18d0a228 00007ffa32dc6784
0x00000099cbcff760:   000000000000001d 0000021d19141908
0x00000099cbcff770:   0000021d1913e180 0000021d191418a8
0x00000099cbcff780:   00000099cc1fec00 00007ffa32ed95ab 

Instructions: (pc=0x00007ffa32edc839)
0x00007ffa32edc739:   ff 48 8d 53 fe 48 8b cf e8 6a f4 ff ff e9 35 fd
0x00007ffa32edc749:   ff ff 0f 1f 44 00 00 48 8b 77 10 8b ae 80 00 00
0x00007ffa32edc759:   00 8b cd 8b 86 00 01 00 00 2b c8 81 e1 ff ff 01
0x00007ffa32edc769:   00 41 3b ce 0f 86 e9 02 00 00 ff cd 81 e5 ff ff
0x00007ffa32edc779:   01 00 89 ae 80 00 00 00 e8 aa 11 36 00 90 8b d5
0x00007ffa32edc789:   8b 86 00 01 00 00 8b cd 48 8b 9e 80 01 00 00 2b
0x00007ffa32edc799:   c8 81 e1 ff ff 01 00 81 f9 ff ff 01 00 48 8b 1c
0x00007ffa32edc7a9:   eb 41 0f 44 cf 85 c9 75 3d 90 89 6c 24 50 48 8b
0x00007ffa32edc7b9:   86 00 01 00 00 48 8b c8 48 c1 e9 20 ff c1 89 4c
0x00007ffa32edc7c9:   24 54 3b e8 0f 85 77 02 00 00 48 c1 e1 20 48 0b
0x00007ffa32edc7d9:   ca f0 48 0f b1 8e 00 01 00 00 0f 85 61 02 00 00
0x00007ffa32edc7e9:   8b 86 00 01 00 00 f6 c3 01 0f 84 2f 01 00 00 8b
0x00007ffa32edc7f9:   0d ea ea 80 00 48 8d 73 ff 48 8b 47 08 44 8b 16
0x00007ffa32edc809:   49 d3 e2 4c 03 15 cd ea 80 00 8b 88 90 05 00 00
0x00007ffa32edc819:   49 8b d2 48 8b 80 80 05 00 00 48 d3 ea 0f b7 14
0x00007ffa32edc829:   50 0f b7 c2 66 c1 e8 08 84 c0 0f 88 17 ff ff ff
0x00007ffa32edc839:   4d 8b 02 41 0f b6 c0 24 03 3c 03 75 1e 44 38 3d
0x00007ffa32edc849:   bb b5 87 00 74 0f 41 0f b6 c0 24 07 3c 05 75 05
0x00007ffa32edc859:   4d 8b c7 eb 17 49 83 e0 fc eb 11 4d 8b c8 48 8b
0x00007ffa32edc869:   cf 4d 8b c2 e8 2e ef ff ff 4c 8b c0 8b 0d 6d ea
0x00007ffa32edc879:   80 00 49 8b d0 48 2b 15 5b ea 80 00 48 d3 ea 89
0x00007ffa32edc889:   16 49 8b d0 8b 0d 2d be 87 00 48 33 d6 48 d3 ea
0x00007ffa32edc899:   48 85 d2 0f 84 ae fe ff ff 48 8b 47 08 48 8b d6
0x00007ffa32edc8a9:   8b 88 c0 01 00 00 48 8b 80 b0 01 00 00 48 d3 ea
0x00007ffa32edc8b9:   48 8b 0c d0 8b 81 94 00 00 00 d1 e8 a8 01 0f 85
0x00007ffa32edc8c9:   83 fe ff ff 48 8b 47 08 8b 88 90 05 00 00 48 8b
0x00007ffa32edc8d9:   80 80 05 00 00 49 d3 e8 46 38 3c 40 0f 84 65 fe
0x00007ffa32edc8e9:   ff ff 48 8b 47 60 48 c1 ee 09 48 8b 58 40 48 8b
0x00007ffa32edc8f9:   48 38 48 03 de 48 2b d9 48 39 9f b0 01 00 00 0f
0x00007ffa32edc909:   84 42 fe ff ff 48 8d 14 0b 48 8d 4f 18 e8 a5 40
0x00007ffa32edc919:   00 00 48 89 9f b0 01 00 00 e9 29 fe ff ff f6 c3
0x00007ffa32edc929:   03 0f 85 09 01 00 00 48 8b 47 08 4c 8b 13 49 8b 


Stack slot to memory mapping:
stack at sp + 0 slots: 0x000000070fe40000 is pointing into object: [Ljava.util.concurrent.ConcurrentHashMap$Node; 
{0x000000070fe3fff0} - klass: 'java/util/concurrent/ConcurrentHashMap$Node'[]
 - length: 128
stack at sp + 1 slots: 0x0000000000000001 is an unknown value
stack at sp + 2 slots: 0x0000000000000008 is an unknown value
stack at sp + 3 slots: 0x0000000000000001 is an unknown value
stack at sp + 4 slots: 0x0000021d19141870 points into unknown readable memory: 0x00007ffa33530b60 | 60 0b 53 33 fa 7f 00 00
stack at sp + 5 slots: 0x0000021d191418a8 points into unknown readable memory: 0x00007ffa33530b30 | 30 0b 53 33 fa 7f 00 00
stack at sp + 6 slots: 0x0000021d18d0a228 points into unknown readable memory: 0x000000070db88f88 | 88 8f b8 0d 07 00 00 00
stack at sp + 7 slots: 0x0000021d18d0a140 points into unknown readable memory: 0x000000070db0bb80 | 80 bb b0 0d 07 00 00 00


---------------  P R O C E S S  ---------------

Threads class SMR info:
_java_thread_list=0x0000021d18d6f0c0, length=18, elements={
0x0000021d7c50cda0, 0x0000021d133be9a0, 0x0000021d133bf820, 0x0000021d133dc020,
0x0000021d133dcea0, 0x0000021d133e0980, 0x0000021d133e1340, 0x0000021d133e1d00,
0x0000021d133f3460, 0x0000021d138e0350, 0x0000021d13a81440, 0x0000021d13a81960,
0x0000021d13c5c620, 0x0000021d13c5cb00, 0x0000021d185d4e90, 0x0000021d18c918b0,
0x0000021d18ca3220, 0x0000021d18faa840
}

Java Threads: ( => current thread )
  0x0000021d7c50cda0 JavaThread "main" [_thread_blocked, id=8832, stack(0x00000099cbb00000,0x00000099cbc00000)]
  0x0000021d133be9a0 JavaThread "Reference Handler" daemon [_thread_blocked, id=13972, stack(0x00000099cc200000,0x00000099cc300000)]
  0x0000021d133bf820 JavaThread "Finalizer" daemon [_thread_blocked, id=1472, stack(0x00000099cc300000,0x00000099cc400000)]
  0x0000021d133dc020 JavaThread "Signal Dispatcher" daemon [_thread_blocked, id=13856, stack(0x00000099cc400000,0x00000099cc500000)]
  0x0000021d133dcea0 JavaThread "Attach Listener" daemon [_thread_blocked, id=12976, stack(0x00000099cc500000,0x00000099cc600000)]
  0x0000021d133e0980 JavaThread "Service Thread" daemon [_thread_blocked, id=13136, stack(0x00000099cc600000,0x00000099cc700000)]
  0x0000021d133e1340 JavaThread "Monitor Deflation Thread" daemon [_thread_blocked, id=13700, stack(0x00000099cc700000,0x00000099cc800000)]
  0x0000021d133e1d00 JavaThread "C1 CompilerThread0" daemon [_thread_blocked, id=13736, stack(0x00000099cc800000,0x00000099cc900000)]
  0x0000021d133f3460 JavaThread "Sweeper thread" daemon [_thread_blocked, id=4596, stack(0x00000099cc900000,0x00000099cca00000)]
  0x0000021d138e0350 JavaThread "Common-Cleaner" daemon [_thread_blocked, id=1976, stack(0x00000099cca00000,0x00000099ccb00000)]
  0x0000021d13a81440 JavaThread "C1 CompilerThread1" daemon [_thread_blocked, id=8788, stack(0x00000099ccb00000,0x00000099ccc00000)]
  0x0000021d13a81960 JavaThread "C1 CompilerThread2" daemon [_thread_blocked, id=4732, stack(0x00000099ccc00000,0x00000099ccd00000)]
  0x0000021d13c5c620 JavaThread "Monitor Ctrl-Break" daemon [_thread_in_native, id=8748, stack(0x00000099ccd00000,0x00000099cce00000)]
  0x0000021d13c5cb00 JavaThread "Notification Thread" daemon [_thread_blocked, id=5712, stack(0x00000099cce00000,0x00000099ccf00000)]
  0x0000021d185d4e90 JavaThread "RMI TCP Accept-0" daemon [_thread_in_native, id=6024, stack(0x00000099ccf00000,0x00000099cd000000)]
  0x0000021d18c918b0 JavaThread "Thread-0" [_thread_blocked, id=6920, stack(0x00000099cd900000,0x00000099cda00000)]
  0x0000021d18ca3220 JavaThread "restartedMain" [_thread_blocked, id=2196, stack(0x00000099cda00000,0x00000099cdb00000)]
  0x0000021d18faa840 JavaThread "C1 CompilerThread3" daemon [_thread_blocked, id=14272, stack(0x00000099cdd00000,0x00000099cde00000)]

Other Threads:
  0x0000021d133b9960 VMThread "VM Thread" [stack: 0x00000099cc100000,0x00000099cc200000] [id=8828]
  0x0000021d7c59fdf0 WatcherThread [stack: 0x00000099cd000000,0x00000099cd100000] [id=13712]
=>0x0000021d7c578f50 GCTaskThread "GC Thread#0" [stack: 0x00000099cbc00000,0x00000099cbd00000] [id=3080]
  0x0000021d18bcb630 GCTaskThread "GC Thread#1" [stack: 0x00000099cd100000,0x00000099cd200000] [id=10708]
  0x0000021d18bdc750 GCTaskThread "GC Thread#2" [stack: 0x00000099cd200000,0x00000099cd300000] [id=7540]
  0x0000021d18bdcc20 GCTaskThread "GC Thread#3" [stack: 0x00000099cd300000,0x00000099cd400000] [id=14012]
  0x0000021d18c11070 GCTaskThread "GC Thread#4" [stack: 0x00000099cd400000,0x00000099cd500000] [id=11300]
  0x0000021d18c11b70 GCTaskThread "GC Thread#5" [stack: 0x00000099cd500000,0x00000099cd600000] [id=2828]
  0x0000021d18c12bf0 GCTaskThread "GC Thread#6" [stack: 0x00000099cd600000,0x00000099cd700000] [id=2340]
  0x0000021d18c118b0 GCTaskThread "GC Thread#7" [stack: 0x00000099cdb00000,0x00000099cdc00000] [id=888]
  0x0000021d7a2edf40 ConcurrentGCThread "G1 Main Marker" [stack: 0x00000099cbd00000,0x00000099cbe00000] [id=6220]
  0x0000021d7a2ee950 ConcurrentGCThread "G1 Conc#0" [stack: 0x00000099cbe00000,0x00000099cbf00000] [id=11672]
  0x0000021d7c5bdd90 ConcurrentGCThread "G1 Refine#0" [stack: 0x00000099cbf00000,0x00000099cc000000] [id=316]
  0x0000021d18bfcc60 ConcurrentGCThread "G1 Refine#1" [stack: 0x00000099cd700000,0x00000099cd800000] [id=13684]
  0x0000021d18bfd3d0 ConcurrentGCThread "G1 Refine#2" [stack: 0x00000099cd800000,0x00000099cd900000] [id=1648]
  0x0000021d7c5be7c0 ConcurrentGCThread "G1 Service" [stack: 0x00000099cc000000,0x00000099cc100000] [id=11936]

Threads with active compile tasks:

VM state: at safepoint (normal execution)

VM Mutex/Monitor currently owned by a thread:  ([mutex/lock_event])
[0x0000021d7c5080f0] Threads_lock - owner thread: 0x0000021d133b9960
[0x0000021d7c507fd0] Heap_lock - owner thread: 0x0000021d18ca3220

Heap address: 0x0000000701400000, size: 4076 MB, Compressed Oops mode: Zero based, Oop shift amount: 3

CDS archive(s) mapped at: [0x0000000800000000-0x0000000800c00000-0x0000000800c00000), size 12582912, SharedBaseAddress: 0x0000000800000000, ArchiveRelocationMode: 0.
Compressed class space mapped at: 0x0000000801000000-0x0000000841000000, reserved size: 1073741824
Narrow klass base: 0x0000000800000000, Narrow klass shift: 0, Narrow klass range: 0x100000000

GC Precious Log:
 CPUs: 12 total, 12 available
 Memory: 16301M
 Large Page Support: Disabled
 NUMA Support: Disabled
 Compressed Oops: Enabled (Zero based)
 Heap Region Size: 2M
 Heap Min Capacity: 8M
 Heap Initial Capacity: 256M
 Heap Max Capacity: 4076M
 Pre-touch: Disabled
 Parallel Workers: 10
 Concurrent Workers: 3
 Concurrent Refinement Workers: 10
 Periodic GC: Disabled

Heap:
 garbage-first heap   total 262144K, used 63517K [0x0000000701400000, 0x0000000800000000)
  region size 2048K, 29 young (59392K), 3 survivors (6144K)
 Metaspace       used 18116K, committed 18432K, reserved 1114112K
  class space    used 2466K, committed 2624K, reserved 1048576K

Heap Regions: E=young(eden), S=young(survivor), O=old, HS=humongous(starts), HC=humongous(continues), CS=collection set, F=free, OA=open archive, CA=closed archive, TAMS=top-at-mark-start (previous, next)
|   0|0x0000000701400000, 0x0000000701600000, 0x0000000701600000|100%| O|  |TAMS 0x0000000701400000, 0x0000000701400000| Untracked 
|   1|0x0000000701600000, 0x0000000701800000, 0x0000000701800000|100%| O|  |TAMS 0x0000000701600000, 0x0000000701600000| Untracked 
|   2|0x0000000701800000, 0x0000000701a00000, 0x0000000701a00000|100%| O|  |TAMS 0x0000000701800000, 0x0000000701800000| Untracked 
|   3|0x0000000701a00000, 0x0000000701c00000, 0x0000000701c00000|100%| O|  |TAMS 0x0000000701a00000, 0x0000000701a00000| Untracked 
|   4|0x0000000701c00000, 0x0000000701cf7600, 0x0000000701e00000| 48%| O|  |TAMS 0x0000000701c00000, 0x0000000701c00000| Untracked 
|   5|0x0000000701e00000, 0x0000000701e00000, 0x0000000702000000|  0%| F|  |TAMS 0x0000000701e00000, 0x0000000701e00000| Untracked 
|   6|0x0000000702000000, 0x0000000702000000, 0x0000000702200000|  0%| F|  |TAMS 0x0000000702000000, 0x0000000702000000| Untracked 
|   7|0x0000000702200000, 0x0000000702200000, 0x0000000702400000|  0%| F|  |TAMS 0x0000000702200000, 0x0000000702200000| Untracked 
|   8|0x0000000702400000, 0x0000000702400000, 0x0000000702600000|  0%| F|  |TAMS 0x0000000702400000, 0x0000000702400000| Untracked 
|   9|0x0000000702600000, 0x0000000702600000, 0x0000000702800000|  0%| F|  |TAMS 0x0000000702600000, 0x0000000702600000| Untracked 
|  10|0x0000000702800000, 0x0000000702800000, 0x0000000702a00000|  0%| F|  |TAMS 0x0000000702800000, 0x0000000702800000| Untracked 
|  11|0x0000000702a00000, 0x0000000702a00000, 0x0000000702c00000|  0%| F|  |TAMS 0x0000000702a00000, 0x0000000702a00000| Untracked 
|  12|0x0000000702c00000, 0x0000000702c00000, 0x0000000702e00000|  0%| F|  |TAMS 0x0000000702c00000, 0x0000000702c00000| Untracked 
|  13|0x0000000702e00000, 0x0000000702e00000, 0x0000000703000000|  0%| F|  |TAMS 0x0000000702e00000, 0x0000000702e00000| Untracked 
|  14|0x0000000703000000, 0x0000000703000000, 0x0000000703200000|  0%| F|  |TAMS 0x0000000703000000, 0x0000000703000000| Untracked 
|  15|0x0000000703200000, 0x0000000703200000, 0x0000000703400000|  0%| F|  |TAMS 0x0000000703200000, 0x0000000703200000| Untracked 
|  16|0x0000000703400000, 0x0000000703400000, 0x0000000703600000|  0%| F|  |TAMS 0x0000000703400000, 0x0000000703400000| Untracked 
|  17|0x0000000703600000, 0x0000000703600000, 0x0000000703800000|  0%| F|  |TAMS 0x0000000703600000, 0x0000000703600000| Untracked 
|  18|0x0000000703800000, 0x0000000703800000, 0x0000000703a00000|  0%| F|  |TAMS 0x0000000703800000, 0x0000000703800000| Untracked 
|  19|0x0000000703a00000, 0x0000000703a00000, 0x0000000703c00000|  0%| F|  |TAMS 0x0000000703a00000, 0x0000000703a00000| Untracked 
|  20|0x0000000703c00000, 0x0000000703c00000, 0x0000000703e00000|  0%| F|  |TAMS 0x0000000703c00000, 0x0000000703c00000| Untracked 
|  21|0x0000000703e00000, 0x0000000703e00000, 0x0000000704000000|  0%| F|  |TAMS 0x0000000703e00000, 0x0000000703e00000| Untracked 
|  22|0x0000000704000000, 0x0000000704000000, 0x0000000704200000|  0%| F|  |TAMS 0x0000000704000000, 0x0000000704000000| Untracked 
|  23|0x0000000704200000, 0x0000000704200000, 0x0000000704400000|  0%| F|  |TAMS 0x0000000704200000, 0x0000000704200000| Untracked 
|  24|0x0000000704400000, 0x0000000704400000, 0x0000000704600000|  0%| F|  |TAMS 0x0000000704400000, 0x0000000704400000| Untracked 
|  25|0x0000000704600000, 0x0000000704600000, 0x0000000704800000|  0%| F|  |TAMS 0x0000000704600000, 0x0000000704600000| Untracked 
|  26|0x0000000704800000, 0x0000000704800000, 0x0000000704a00000|  0%| F|  |TAMS 0x0000000704800000, 0x0000000704800000| Untracked 
|  27|0x0000000704a00000, 0x0000000704a00000, 0x0000000704c00000|  0%| F|  |TAMS 0x0000000704a00000, 0x0000000704a00000| Untracked 
|  28|0x0000000704c00000, 0x0000000704c00000, 0x0000000704e00000|  0%| F|  |TAMS 0x0000000704c00000, 0x0000000704c00000| Untracked 
|  29|0x0000000704e00000, 0x0000000704e00000, 0x0000000705000000|  0%| F|  |TAMS 0x0000000704e00000, 0x0000000704e00000| Untracked 
|  30|0x0000000705000000, 0x0000000705000000, 0x0000000705200000|  0%| F|  |TAMS 0x0000000705000000, 0x0000000705000000| Untracked 
|  31|0x0000000705200000, 0x0000000705200000, 0x0000000705400000|  0%| F|  |TAMS 0x0000000705200000, 0x0000000705200000| Untracked 
|  32|0x0000000705400000, 0x0000000705400000, 0x0000000705600000|  0%| F|  |TAMS 0x0000000705400000, 0x0000000705400000| Untracked 
|  33|0x0000000705600000, 0x0000000705600000, 0x0000000705800000|  0%| F|  |TAMS 0x0000000705600000, 0x0000000705600000| Untracked 
|  34|0x0000000705800000, 0x0000000705800000, 0x0000000705a00000|  0%| F|  |TAMS 0x0000000705800000, 0x0000000705800000| Untracked 
|  35|0x0000000705a00000, 0x0000000705a00000, 0x0000000705c00000|  0%| F|  |TAMS 0x0000000705a00000, 0x0000000705a00000| Untracked 
|  36|0x0000000705c00000, 0x0000000705c00000, 0x0000000705e00000|  0%| F|  |TAMS 0x0000000705c00000, 0x0000000705c00000| Untracked 
|  37|0x0000000705e00000, 0x0000000705e00000, 0x0000000706000000|  0%| F|  |TAMS 0x0000000705e00000, 0x0000000705e00000| Untracked 
|  38|0x0000000706000000, 0x0000000706000000, 0x0000000706200000|  0%| F|  |TAMS 0x0000000706000000, 0x0000000706000000| Untracked 
|  39|0x0000000706200000, 0x0000000706200000, 0x0000000706400000|  0%| F|  |TAMS 0x0000000706200000, 0x0000000706200000| Untracked 
|  40|0x0000000706400000, 0x0000000706400000, 0x0000000706600000|  0%| F|  |TAMS 0x0000000706400000, 0x0000000706400000| Untracked 
|  41|0x0000000706600000, 0x0000000706600000, 0x0000000706800000|  0%| F|  |TAMS 0x0000000706600000, 0x0000000706600000| Untracked 
|  42|0x0000000706800000, 0x0000000706800000, 0x0000000706a00000|  0%| F|  |TAMS 0x0000000706800000, 0x0000000706800000| Untracked 
|  43|0x0000000706a00000, 0x0000000706a00000, 0x0000000706c00000|  0%| F|  |TAMS 0x0000000706a00000, 0x0000000706a00000| Untracked 
|  44|0x0000000706c00000, 0x0000000706c00000, 0x0000000706e00000|  0%| F|  |TAMS 0x0000000706c00000, 0x0000000706c00000| Untracked 
|  45|0x0000000706e00000, 0x0000000706e00000, 0x0000000707000000|  0%| F|  |TAMS 0x0000000706e00000, 0x0000000706e00000| Untracked 
|  46|0x0000000707000000, 0x0000000707000000, 0x0000000707200000|  0%| F|  |TAMS 0x0000000707000000, 0x0000000707000000| Untracked 
|  47|0x0000000707200000, 0x0000000707200000, 0x0000000707400000|  0%| F|  |TAMS 0x0000000707200000, 0x0000000707200000| Untracked 
|  48|0x0000000707400000, 0x0000000707400000, 0x0000000707600000|  0%| F|  |TAMS 0x0000000707400000, 0x0000000707400000| Untracked 
|  49|0x0000000707600000, 0x0000000707600000, 0x0000000707800000|  0%| F|  |TAMS 0x0000000707600000, 0x0000000707600000| Untracked 
|  50|0x0000000707800000, 0x0000000707800000, 0x0000000707a00000|  0%| F|  |TAMS 0x0000000707800000, 0x0000000707800000| Untracked 
|  51|0x0000000707a00000, 0x0000000707a00000, 0x0000000707c00000|  0%| F|  |TAMS 0x0000000707a00000, 0x0000000707a00000| Untracked 
|  52|0x0000000707c00000, 0x0000000707c00000, 0x0000000707e00000|  0%| F|  |TAMS 0x0000000707c00000, 0x0000000707c00000| Untracked 
|  53|0x0000000707e00000, 0x0000000707e00000, 0x0000000708000000|  0%| F|  |TAMS 0x0000000707e00000, 0x0000000707e00000| Untracked 
|  54|0x0000000708000000, 0x0000000708000000, 0x0000000708200000|  0%| F|  |TAMS 0x0000000708000000, 0x0000000708000000| Untracked 
|  55|0x0000000708200000, 0x0000000708200000, 0x0000000708400000|  0%| F|  |TAMS 0x0000000708200000, 0x0000000708200000| Untracked 
|  56|0x0000000708400000, 0x0000000708400000, 0x0000000708600000|  0%| F|  |TAMS 0x0000000708400000, 0x0000000708400000| Untracked 
|  57|0x0000000708600000, 0x0000000708600000, 0x0000000708800000|  0%| F|  |TAMS 0x0000000708600000, 0x0000000708600000| Untracked 
|  58|0x0000000708800000, 0x0000000708800000, 0x0000000708a00000|  0%| F|  |TAMS 0x0000000708800000, 0x0000000708800000| Untracked 
|  59|0x0000000708a00000, 0x0000000708a00000, 0x0000000708c00000|  0%| F|  |TAMS 0x0000000708a00000, 0x0000000708a00000| Untracked 
|  60|0x0000000708c00000, 0x0000000708c00000, 0x0000000708e00000|  0%| F|  |TAMS 0x0000000708c00000, 0x0000000708c00000| Untracked 
|  61|0x0000000708e00000, 0x0000000708e00000, 0x0000000709000000|  0%| F|  |TAMS 0x0000000708e00000, 0x0000000708e00000| Untracked 
|  62|0x0000000709000000, 0x0000000709000000, 0x0000000709200000|  0%| F|  |TAMS 0x0000000709000000, 0x0000000709000000| Untracked 
|  63|0x0000000709200000, 0x0000000709200000, 0x0000000709400000|  0%| F|  |TAMS 0x0000000709200000, 0x0000000709200000| Untracked 
|  64|0x0000000709400000, 0x0000000709400000, 0x0000000709600000|  0%| F|  |TAMS 0x0000000709400000, 0x0000000709400000| Untracked 
|  65|0x0000000709600000, 0x0000000709600000, 0x0000000709800000|  0%| F|  |TAMS 0x0000000709600000, 0x0000000709600000| Untracked 
|  66|0x0000000709800000, 0x0000000709800000, 0x0000000709a00000|  0%| F|  |TAMS 0x0000000709800000, 0x0000000709800000| Untracked 
|  67|0x0000000709a00000, 0x0000000709a00000, 0x0000000709c00000|  0%| F|  |TAMS 0x0000000709a00000, 0x0000000709a00000| Untracked 
|  68|0x0000000709c00000, 0x0000000709c00000, 0x0000000709e00000|  0%| F|  |TAMS 0x0000000709c00000, 0x0000000709c00000| Untracked 
|  69|0x0000000709e00000, 0x0000000709e00000, 0x000000070a000000|  0%| F|  |TAMS 0x0000000709e00000, 0x0000000709e00000| Untracked 
|  70|0x000000070a000000, 0x000000070a000000, 0x000000070a200000|  0%| F|  |TAMS 0x000000070a000000, 0x000000070a000000| Untracked 
|  71|0x000000070a200000, 0x000000070a200000, 0x000000070a400000|  0%| F|  |TAMS 0x000000070a200000, 0x000000070a200000| Untracked 
|  72|0x000000070a400000, 0x000000070a400000, 0x000000070a600000|  0%| F|  |TAMS 0x000000070a400000, 0x000000070a400000| Untracked 
|  73|0x000000070a600000, 0x000000070a600000, 0x000000070a800000|  0%| F|  |TAMS 0x000000070a600000, 0x000000070a600000| Untracked 
|  74|0x000000070a800000, 0x000000070a800000, 0x000000070aa00000|  0%| F|  |TAMS 0x000000070a800000, 0x000000070a800000| Untracked 
|  75|0x000000070aa00000, 0x000000070aa00000, 0x000000070ac00000|  0%| F|  |TAMS 0x000000070aa00000, 0x000000070aa00000| Untracked 
|  76|0x000000070ac00000, 0x000000070ac00000, 0x000000070ae00000|  0%| F|  |TAMS 0x000000070ac00000, 0x000000070ac00000| Untracked 
|  77|0x000000070ae00000, 0x000000070ae00000, 0x000000070b000000|  0%| F|  |TAMS 0x000000070ae00000, 0x000000070ae00000| Untracked 
|  78|0x000000070b000000, 0x000000070b000000, 0x000000070b200000|  0%| F|  |TAMS 0x000000070b000000, 0x000000070b000000| Untracked 
|  79|0x000000070b200000, 0x000000070b200000, 0x000000070b400000|  0%| F|  |TAMS 0x000000070b200000, 0x000000070b200000| Untracked 
|  80|0x000000070b400000, 0x000000070b400000, 0x000000070b600000|  0%| F|  |TAMS 0x000000070b400000, 0x000000070b400000| Untracked 
|  81|0x000000070b600000, 0x000000070b600000, 0x000000070b800000|  0%| F|  |TAMS 0x000000070b600000, 0x000000070b600000| Untracked 
|  82|0x000000070b800000, 0x000000070b800000, 0x000000070ba00000|  0%| F|  |TAMS 0x000000070b800000, 0x000000070b800000| Untracked 
|  83|0x000000070ba00000, 0x000000070ba00000, 0x000000070bc00000|  0%| F|  |TAMS 0x000000070ba00000, 0x000000070ba00000| Untracked 
|  84|0x000000070bc00000, 0x000000070bc00000, 0x000000070be00000|  0%| F|  |TAMS 0x000000070bc00000, 0x000000070bc00000| Untracked 
|  85|0x000000070be00000, 0x000000070be00000, 0x000000070c000000|  0%| F|  |TAMS 0x000000070be00000, 0x000000070be00000| Untracked 
|  86|0x000000070c000000, 0x000000070c000000, 0x000000070c200000|  0%| F|  |TAMS 0x000000070c000000, 0x000000070c000000| Untracked 
|  87|0x000000070c200000, 0x000000070c200000, 0x000000070c400000|  0%| F|  |TAMS 0x000000070c200000, 0x000000070c200000| Untracked 
|  88|0x000000070c400000, 0x000000070c400000, 0x000000070c600000|  0%| F|  |TAMS 0x000000070c400000, 0x000000070c400000| Untracked 
|  89|0x000000070c600000, 0x000000070c600000, 0x000000070c800000|  0%| F|  |TAMS 0x000000070c600000, 0x000000070c600000| Untracked 
|  90|0x000000070c800000, 0x000000070c800000, 0x000000070ca00000|  0%| F|  |TAMS 0x000000070c800000, 0x000000070c800000| Untracked 
|  91|0x000000070ca00000, 0x000000070ca00000, 0x000000070cc00000|  0%| F|  |TAMS 0x000000070ca00000, 0x000000070ca00000| Untracked 
|  92|0x000000070cc00000, 0x000000070cc00000, 0x000000070ce00000|  0%| F|  |TAMS 0x000000070cc00000, 0x000000070cc00000| Untracked 
|  93|0x000000070ce00000, 0x000000070ce00000, 0x000000070d000000|  0%| F|  |TAMS 0x000000070ce00000, 0x000000070ce00000| Untracked 
|  94|0x000000070d000000, 0x000000070d000000, 0x000000070d200000|  0%| F|  |TAMS 0x000000070d000000, 0x000000070d000000| Untracked 
|  95|0x000000070d200000, 0x000000070d200000, 0x000000070d400000|  0%| F|  |TAMS 0x000000070d200000, 0x000000070d200000| Untracked 
|  96|0x000000070d400000, 0x000000070d400000, 0x000000070d600000|  0%| F|  |TAMS 0x000000070d400000, 0x000000070d400000| Untracked 
|  97|0x000000070d600000, 0x000000070d600000, 0x000000070d800000|  0%| F|  |TAMS 0x000000070d600000, 0x000000070d600000| Untracked 
|  98|0x000000070d800000, 0x000000070d8cf390, 0x000000070da00000| 40%| S|  |TAMS 0x000000070d800000, 0x000000070d800000| Complete 
|  99|0x000000070da00000, 0x000000070dc00000, 0x000000070dc00000|100%| S|  |TAMS 0x000000070da00000, 0x000000070da00000| Complete 
| 100|0x000000070dc00000, 0x000000070de00000, 0x000000070de00000|100%| S|  |TAMS 0x000000070dc00000, 0x000000070dc00000| Complete 
| 101|0x000000070de00000, 0x000000070e000000, 0x000000070e000000|100%| E|CS|TAMS 0x000000070de00000, 0x000000070de00000| Complete 
| 102|0x000000070e000000, 0x000000070e200000, 0x000000070e200000|100%| E|CS|TAMS 0x000000070e000000, 0x000000070e000000| Complete 
| 103|0x000000070e200000, 0x000000070e400000, 0x000000070e400000|100%| E|CS|TAMS 0x000000070e200000, 0x000000070e200000| Complete 
| 104|0x000000070e400000, 0x000000070e600000, 0x000000070e600000|100%| E|CS|TAMS 0x000000070e400000, 0x000000070e400000| Complete 
| 105|0x000000070e600000, 0x000000070e800000, 0x000000070e800000|100%| E|CS|TAMS 0x000000070e600000, 0x000000070e600000| Complete 
| 106|0x000000070e800000, 0x000000070ea00000, 0x000000070ea00000|100%| E|CS|TAMS 0x000000070e800000, 0x000000070e800000| Complete 
| 107|0x000000070ea00000, 0x000000070ec00000, 0x000000070ec00000|100%| E|CS|TAMS 0x000000070ea00000, 0x000000070ea00000| Complete 
| 108|0x000000070ec00000, 0x000000070ee00000, 0x000000070ee00000|100%| E|CS|TAMS 0x000000070ec00000, 0x000000070ec00000| Complete 
| 109|0x000000070ee00000, 0x000000070f000000, 0x000000070f000000|100%| E|CS|TAMS 0x000000070ee00000, 0x000000070ee00000| Complete 
| 110|0x000000070f000000, 0x000000070f200000, 0x000000070f200000|100%| E|CS|TAMS 0x000000070f000000, 0x000000070f000000| Complete 
| 111|0x000000070f200000, 0x000000070f400000, 0x000000070f400000|100%| E|CS|TAMS 0x000000070f200000, 0x000000070f200000| Complete 
| 112|0x000000070f400000, 0x000000070f600000, 0x000000070f600000|100%| E|CS|TAMS 0x000000070f400000, 0x000000070f400000| Complete 
| 113|0x000000070f600000, 0x000000070f800000, 0x000000070f800000|100%| E|CS|TAMS 0x000000070f600000, 0x000000070f600000| Complete 
| 114|0x000000070f800000, 0x000000070fa00000, 0x000000070fa00000|100%| E|CS|TAMS 0x000000070f800000, 0x000000070f800000| Complete 
| 115|0x000000070fa00000, 0x000000070fc00000, 0x000000070fc00000|100%| E|CS|TAMS 0x000000070fa00000, 0x000000070fa00000| Complete 
| 116|0x000000070fc00000, 0x000000070fe00000, 0x000000070fe00000|100%| E|CS|TAMS 0x000000070fc00000, 0x000000070fc00000| Complete 
| 117|0x000000070fe00000, 0x000000070ff0fee8, 0x0000000710000000| 53%| E|CS|TAMS 0x000000070fe00000, 0x000000070fe00000| Complete 
| 118|0x0000000710000000, 0x0000000710200000, 0x0000000710200000|100%| E|CS|TAMS 0x0000000710000000, 0x0000000710000000| Complete 
| 119|0x0000000710200000, 0x0000000710400000, 0x0000000710400000|100%| E|CS|TAMS 0x0000000710200000, 0x0000000710200000| Complete 
| 120|0x0000000710400000, 0x0000000710600000, 0x0000000710600000|100%| E|CS|TAMS 0x0000000710400000, 0x0000000710400000| Complete 
| 121|0x0000000710600000, 0x0000000710800000, 0x0000000710800000|100%| E|CS|TAMS 0x0000000710600000, 0x0000000710600000| Complete 
| 122|0x0000000710800000, 0x0000000710a00000, 0x0000000710a00000|100%| E|CS|TAMS 0x0000000710800000, 0x0000000710800000| Complete 
| 123|0x0000000710a00000, 0x0000000710c00000, 0x0000000710c00000|100%| E|CS|TAMS 0x0000000710a00000, 0x0000000710a00000| Complete 
| 124|0x0000000710c00000, 0x0000000710e00000, 0x0000000710e00000|100%| E|CS|TAMS 0x0000000710c00000, 0x0000000710c00000| Complete 
| 125|0x0000000710e00000, 0x0000000711000000, 0x0000000711000000|100%| E|CS|TAMS 0x0000000710e00000, 0x0000000710e00000| Complete 
| 126|0x0000000711000000, 0x0000000711200000, 0x0000000711200000|100%| E|CS|TAMS 0x0000000711000000, 0x0000000711000000| Complete 
| 127|0x0000000711200000, 0x0000000711400000, 0x0000000711400000|100%| E|CS|TAMS 0x0000000711200000, 0x0000000711200000| Complete 

Card table byte_map: [0x0000021d082c0000,0x0000021d08ac0000] _byte_map_base: 0x0000021d04ab6000

Marking Bits (Prev, Next): (CMBitMap*) 0x0000021d7c57a580, (CMBitMap*) 0x0000021d7c57a5c0
 Prev Bits: [0x0000021d092c0000, 0x0000021d0d270000)
 Next Bits: [0x0000021d0d270000, 0x0000021d11220000)

Polling page: 0x0000021d7a440000

Metaspace:

Usage:
  Non-class:     15.28 MB used.
      Class:      2.41 MB used.
       Both:     17.69 MB used.

Virtual space:
  Non-class space:       64.00 MB reserved,      15.44 MB ( 24%) committed,  1 nodes.
      Class space:        1.00 GB reserved,       2.56 MB ( <1%) committed,  1 nodes.
             Both:        1.06 GB reserved,      18.00 MB (  2%) committed. 

Chunk freelists:
   Non-Class:  15.93 MB
       Class:  13.44 MB
        Both:  29.37 MB

MaxMetaspaceSize: unlimited
CompressedClassSpaceSize: 1.00 GB
Initial GC threshold: 21.00 MB
Current GC threshold: 21.00 MB
CDS: on
MetaspaceReclaimPolicy: balanced
 - commit_granule_bytes: 65536.
 - commit_granule_words: 8192.
 - virtual_space_node_default_size: 8388608.
 - enlarge_chunks_in_place: 1.
 - new_chunks_are_fully_committed: 0.
 - uncommit_free_chunks: 1.
 - use_allocation_guard: 0.
 - handle_deallocations: 1.


Internal statistics:

num_allocs_failed_limit: 0.
num_arena_births: 220.
num_arena_deaths: 0.
num_vsnodes_births: 2.
num_vsnodes_deaths: 0.
num_space_committed: 288.
num_space_uncommitted: 0.
num_chunks_returned_to_freelist: 0.
num_chunks_taken_from_freelist: 756.
num_chunk_merges: 0.
num_chunk_splits: 528.
num_chunks_enlarged: 417.
num_inconsistent_stats: 0.

CodeCache: size=49152Kb used=6954Kb max_used=6954Kb free=42197Kb
 bounds [0x0000021d7c5c0000, 0x0000021d7cc90000, 0x0000021d7f5c0000]
 total_blobs=3151 nmethods=2647 adapters=428
 compilation: enabled
              stopped_count=0, restarted_count=0
 full_count=0

Compilation events (20 events):
Event: 0.913 Thread 0x0000021d18faa840 2638       1       java.util.stream.ReduceOps$3ReducingSink::accept (15 bytes)
Event: 0.913 Thread 0x0000021d13a81960 2639       1       org.springframework.core.type.AnnotationMetadata$$Lambda$337/0x00000008012087f8::test (10 bytes)
Event: 0.913 Thread 0x0000021d18faa840 nmethod 2638 0x0000021d7cc83910 code [0x0000021d7cc83aa0, 0x0000021d7cc83ba8]
Event: 0.913 Thread 0x0000021d13a81960 nmethod 2639 0x0000021d7cc83c10 code [0x0000021d7cc83dc0, 0x0000021d7cc83f98]
Event: 0.913 Thread 0x0000021d13a81960 2640       1       org.springframework.core.type.classreading.SimpleMethodMetadataReadingVisitor$$Lambda$378/0x000000080126bb68::accept (14 bytes)
Event: 0.913 Thread 0x0000021d133e1d00 2641       1       org.springframework.core.type.classreading.MergedAnnotationReadingVisitor::visit (30 bytes)
Event: 0.913 Thread 0x0000021d13a81960 nmethod 2640 0x0000021d7cc84090 code [0x0000021d7cc84220, 0x0000021d7cc84368]
Event: 0.913 Thread 0x0000021d13a81440 2642       1       org.springframework.core.annotation.AnnotationTypeMapping$MirrorSets$MirrorSet::resolve (245 bytes)
Event: 0.913 Thread 0x0000021d133e1d00 nmethod 2641 0x0000021d7cc84410 code [0x0000021d7cc845c0, 0x0000021d7cc84778]
Event: 0.914 Thread 0x0000021d18faa840 2643   !   1       org.springframework.core.annotation.TypeMappedAnnotation::createIfPossible (92 bytes)
Event: 0.914 Thread 0x0000021d133e1d00 2644       1       org.springframework.core.annotation.MergedAnnotationsCollection$AnnotationsSpliterator::createMergedAnnotationIfPossible (54 bytes)
Event: 0.914 Thread 0x0000021d133e1d00 nmethod 2644 0x0000021d7cc84890 code [0x0000021d7cc84a60, 0x0000021d7cc84c98]
Event: 0.914 Thread 0x0000021d18faa840 nmethod 2643 0x0000021d7cc84e90 code [0x0000021d7cc850c0, 0x0000021d7cc85618]
Event: 0.914 Thread 0x0000021d13a81440 nmethod 2642 0x0000021d7cc85a10 code [0x0000021d7cc85d00, 0x0000021d7cc86c88]
Event: 0.914 Thread 0x0000021d133e1d00 2645   !   1       jdk.proxy2.$Proxy12::attribute (29 bytes)
Event: 0.914 Thread 0x0000021d133e1d00 nmethod 2645 0x0000021d7cc87590 code [0x0000021d7cc87740, 0x0000021d7cc87958]
Event: 0.914 Thread 0x0000021d13a81960 2646   !   1       sun.net.www.ParseUtil::decode (317 bytes)
Event: 0.915 Thread 0x0000021d13a81440 2647   !   1       jdk.internal.loader.BuiltinClassLoader$2::run (114 bytes)
Event: 0.915 Thread 0x0000021d13a81440 nmethod 2647 0x0000021d7cc87a90 code [0x0000021d7cc87ca0, 0x0000021d7cc88138]
Event: 0.916 Thread 0x0000021d13a81960 nmethod 2646 0x0000021d7cc88410 code [0x0000021d7cc887c0, 0x0000021d7cc89bd8]

GC Heap History (5 events):
Event: 0.374 GC heap before
{Heap before GC invocations=0 (full 0):
 garbage-first heap   total 262144K, used 20480K [0x0000000701400000, 0x0000000800000000)
  region size 2048K, 11 young (22528K), 0 survivors (0K)
 Metaspace       used 6096K, committed 6272K, reserved 1114112K
  class space    used 760K, committed 832K, reserved 1048576K
}
Event: 0.377 GC heap after
{Heap after GC invocations=1 (full 0):
 garbage-first heap   total 262144K, used 9140K [0x0000000701400000, 0x0000000800000000)
  region size 2048K, 2 young (4096K), 2 survivors (4096K)
 Metaspace       used 6096K, committed 6272K, reserved 1114112K
  class space    used 760K, committed 832K, reserved 1048576K
}
Event: 0.577 GC heap before
{Heap before GC invocations=1 (full 0):
 garbage-first heap   total 262144K, used 27572K [0x0000000701400000, 0x0000000800000000)
  region size 2048K, 12 young (24576K), 2 survivors (4096K)
 Metaspace       used 9175K, committed 9408K, reserved 1114112K
  class space    used 1218K, committed 1344K, reserved 1048576K
}
Event: 0.580 GC heap after
{Heap after GC invocations=2 (full 0):
 garbage-first heap   total 262144K, used 10269K [0x0000000701400000, 0x0000000800000000)
  region size 2048K, 1 young (2048K), 1 survivors (2048K)
 Metaspace       used 9175K, committed 9408K, reserved 1114112K
  class space    used 1218K, committed 1344K, reserved 1048576K
}
Event: 0.916 GC heap before
{Heap before GC invocations=2 (full 0):
 garbage-first heap   total 262144K, used 61469K [0x0000000701400000, 0x0000000800000000)
  region size 2048K, 27 young (55296K), 1 survivors (2048K)
 Metaspace       used 18116K, committed 18432K, reserved 1114112K
  class space    used 2466K, committed 2624K, reserved 1048576K
}

Dll operation events (11 events):
Event: 0.006 Loaded shared library C:\Users\Administrator\.jdks\azul-17.0.7\bin\java.dll
Event: 0.011 Loaded shared library C:\Users\Administrator\.jdks\azul-17.0.7\bin\jsvml.dll
Event: 0.094 Loaded shared library C:\Users\Administrator\.jdks\azul-17.0.7\bin\zip.dll
Event: 0.097 Loaded shared library C:\Users\Administrator\.jdks\azul-17.0.7\bin\instrument.dll
Event: 0.100 Loaded shared library C:\Users\Administrator\.jdks\azul-17.0.7\bin\net.dll
Event: 0.101 Loaded shared library C:\Users\Administrator\.jdks\azul-17.0.7\bin\nio.dll
Event: 0.103 Loaded shared library C:\Users\Administrator\.jdks\azul-17.0.7\bin\zip.dll
Event: 0.167 Loaded shared library C:\Program Files\JetBrains\IntelliJ IDEA 2023.1\bin\breakgen64.dll
Event: 0.170 Loaded shared library C:\Users\Administrator\.jdks\azul-17.0.7\bin\jimage.dll
Event: 0.181 Loaded shared library C:\Users\Administrator\.jdks\azul-17.0.7\bin\management.dll
Event: 0.188 Loaded shared library C:\Users\Administrator\.jdks\azul-17.0.7\bin\management_ext.dll

Deoptimization events (2 events):
Event: 0.752 Thread 0x0000021d18ca3220 DEOPT PACKING pc=0x0000021d7cb098f9 sp=0x00000099cdafcac0
Event: 0.752 Thread 0x0000021d18ca3220 DEOPT UNPACKING pc=0x0000021d7c617143 sp=0x00000099cdafbfa0 mode 3

Classes unloaded (0 events):
No events

Classes redefined (0 events):
No events

Internal exceptions (20 events):
Event: 0.652 Thread 0x0000021d18ca3220 Exception <a 'java/lang/NoSuchMethodError'{0x0000000710cbda88}: 'void java.lang.invoke.DirectMethodHandle$Holder.invokeInterface(java.lang.Object, java.lang.Object, java.lang.Object)'> (0x0000000710cbda88) 
thrown [s\src\hotspot\share\interpreter\linkResolver.cpp, line 759]
Event: 0.655 Thread 0x0000021d18ca3220 Exception <a 'java/lang/NoSuchMethodError'{0x0000000710cf44f8}: 'int java.lang.invoke.DirectMethodHandle$Holder.invokeVirtual(java.lang.Object, java.lang.Object, java.lang.Object)'> (0x0000000710cf44f8) 
thrown [s\src\hotspot\share\interpreter\linkResolver.cpp, line 759]
Event: 0.664 Thread 0x0000021d18ca3220 Exception <a 'java/lang/NoSuchMethodError'{0x0000000710da8e30}: 'void java.lang.invoke.DirectMethodHandle$Holder.invokeStatic(java.lang.Object, java.lang.Object, int)'> (0x0000000710da8e30) 
thrown [s\src\hotspot\share\interpreter\linkResolver.cpp, line 759]
Event: 0.664 Thread 0x0000021d18ca3220 Exception <a 'java/lang/NoSuchMethodError'{0x0000000710db0cd8}: 'void java.lang.invoke.DirectMethodHandle$Holder.invokeStaticInit(java.lang.Object, java.lang.Object)'> (0x0000000710db0cd8) 
thrown [s\src\hotspot\share\interpreter\linkResolver.cpp, line 759]
Event: 0.665 Thread 0x0000021d18ca3220 Exception <a 'java/lang/NoSuchMethodError'{0x0000000710dbe4a0}: 'void java.lang.invoke.DirectMethodHandle$Holder.invokeStaticInit(java.lang.Object, java.lang.Object, java.lang.Object)'> (0x0000000710dbe4a0) 
thrown [s\src\hotspot\share\interpreter\linkResolver.cpp, line 759]
Event: 0.667 Thread 0x0000021d18ca3220 Exception <a 'java/lang/NoSuchMethodError'{0x0000000710dfa8f8}: 'java.lang.Object java.lang.invoke.DirectMethodHandle$Holder.invokeStatic(java.lang.Object, java.lang.Object, long, java.lang.Object)'> (0x0000000710dfa8f8) 
thrown [s\src\hotspot\share\interpreter\linkResolver.cpp, line 759]
Event: 0.667 Thread 0x0000021d18ca3220 Exception <a 'java/lang/NoSuchMethodError'{0x0000000710dfe390}: 'java.lang.Object java.lang.invoke.DirectMethodHandle$Holder.invokeStaticInit(java.lang.Object, java.lang.Object, long, java.lang.Object)'> (0x0000000710dfe390) 
thrown [s\src\hotspot\share\interpreter\linkResolver.cpp, line 759]
Event: 0.667 Thread 0x0000021d18ca3220 Exception <a 'java/lang/NoSuchMethodError'{0x0000000710a04ab0}: 'java.lang.Object java.lang.invoke.DirectMethodHandle$Holder.newInvokeSpecial(java.lang.Object, java.lang.Object, long)'> (0x0000000710a04ab0) 
thrown [s\src\hotspot\share\interpreter\linkResolver.cpp, line 759]
Event: 0.668 Thread 0x0000021d18ca3220 Exception <a 'java/lang/NoSuchMethodError'{0x0000000710a08620}: 'java.lang.Object java.lang.invoke.Invokers$Holder.linkToTargetMethod(java.lang.Object, long, java.lang.Object)'> (0x0000000710a08620) 
thrown [s\src\hotspot\share\interpreter\linkResolver.cpp, line 759]
Event: 0.672 Thread 0x0000021d18ca3220 Exception <a 'java/lang/NoSuchMethodError'{0x0000000710a602d8}: 'void java.lang.invoke.DirectMethodHandle$Holder.invokeVirtual(java.lang.Object, java.lang.Object, java.lang.Object, java.lang.Object)'> (0x0000000710a602d8) 
thrown [s\src\hotspot\share\interpreter\linkResolver.cpp, line 759]
Event: 0.689 Thread 0x0000021d18ca3220 Exception <a 'java/lang/NoSuchMethodError'{0x0000000710bb8920}: 'void java.lang.invoke.DirectMethodHandle$Holder.invokeSpecial(java.lang.Object, java.lang.Object, java.lang.Object)'> (0x0000000710bb8920) 
thrown [s\src\hotspot\share\interpreter\linkResolver.cpp, line 759]
Event: 0.692 Thread 0x0000021d18ca3220 Exception <a 'java/lang/IncompatibleClassChangeError'{0x0000000710be94e0}: Found class java.lang.Object, but interface was expected> (0x0000000710be94e0) 
thrown [s\src\hotspot\share\interpreter\linkResolver.cpp, line 826]
Event: 0.802 Thread 0x0000021d18ca3220 Exception <a 'java/lang/NoSuchMethodError'{0x000000070f0fa290}: 'int java.lang.invoke.DirectMethodHandle$Holder.invokeSpecial(java.lang.Object, java.lang.Object, java.lang.Object, java.lang.Object, java.lang.Object)'> (0x000000070f0fa290) 
thrown [s\src\hotspot\share\interpreter\linkResolver.cpp, line 759]
Event: 0.803 Thread 0x0000021d18ca3220 Exception <a 'java/lang/NoSuchMethodError'{0x000000070f102eb8}: 'void java.lang.invoke.DirectMethodHandle$Holder.invokeVirtual(java.lang.Object, java.lang.Object)'> (0x000000070f102eb8) 
thrown [s\src\hotspot\share\interpreter\linkResolver.cpp, line 759]
Event: 0.837 Thread 0x0000021d18da3020 Exception <a 'java/lang/NoSuchMethodError'{0x000000070e987cf0}: 'long java.lang.invoke.DirectMethodHandle$Holder.invokeSpecial(java.lang.Object, java.lang.Object)'> (0x000000070e987cf0) 
thrown [s\src\hotspot\share\interpreter\linkResolver.cpp, line 759]
Event: 0.837 Thread 0x0000021d18da3020 Exception <a 'java/lang/NoSuchMethodError'{0x000000070e992f18}: 'long java.lang.invoke.DirectMethodHandle$Holder.invokeStatic(java.lang.Object, java.lang.Object)'> (0x000000070e992f18) 
thrown [s\src\hotspot\share\interpreter\linkResolver.cpp, line 759]
Event: 0.837 Thread 0x0000021d18da3020 Exception <a 'java/lang/NoSuchMethodError'{0x000000070e996518}: 'long java.lang.invoke.DirectMethodHandle$Holder.invokeStaticInit(java.lang.Object, java.lang.Object)'> (0x000000070e996518) 
thrown [s\src\hotspot\share\interpreter\linkResolver.cpp, line 759]
Event: 0.838 Thread 0x0000021d18da3020 Exception <a 'java/lang/NoSuchMethodError'{0x000000070e604950}: 'long java.lang.invoke.DirectMethodHandle$Holder.invokeInterface(java.lang.Object, java.lang.Object)'> (0x000000070e604950) 
thrown [s\src\hotspot\share\interpreter\linkResolver.cpp, line 759]
Event: 0.838 Thread 0x0000021d18da3020 Exception <a 'java/lang/IncompatibleClassChangeError'{0x000000070e607ee0}: Found class java.lang.Object, but interface was expected> (0x000000070e607ee0) 
thrown [s\src\hotspot\share\interpreter\linkResolver.cpp, line 826]
Event: 0.843 Thread 0x0000021d18da3020 Exception <a 'java/lang/NoSuchMethodError'{0x000000070e6df5d0}: 'java.lang.Object java.lang.invoke.DirectMethodHandle$Holder.invokeVirtual(java.lang.Object, java.lang.Object, java.lang.Object, java.lang.Object)'> (0x000000070e6df5d0) 
thrown [s\src\hotspot\share\interpreter\linkResolver.cpp, line 759]

VM Operations (20 events):
Event: 0.311 Executing VM operation: HandshakeAllThreads done
Event: 0.374 Executing VM operation: G1CollectForAllocation
Event: 0.378 Executing VM operation: G1CollectForAllocation done
Event: 0.490 Executing VM operation: HandshakeAllThreads
Event: 0.490 Executing VM operation: HandshakeAllThreads done
Event: 0.577 Executing VM operation: G1CollectForAllocation
Event: 0.580 Executing VM operation: G1CollectForAllocation done
Event: 0.686 Executing VM operation: HandshakeAllThreads
Event: 0.686 Executing VM operation: HandshakeAllThreads done
Event: 0.688 Executing VM operation: HandshakeAllThreads
Event: 0.688 Executing VM operation: HandshakeAllThreads done
Event: 0.746 Executing VM operation: ICBufferFull
Event: 0.746 Executing VM operation: ICBufferFull done
Event: 0.777 Executing VM operation: HandshakeAllThreads
Event: 0.777 Executing VM operation: HandshakeAllThreads done
Event: 0.792 Executing VM operation: HandshakeAllThreads
Event: 0.792 Executing VM operation: HandshakeAllThreads done
Event: 0.796 Executing VM operation: HandshakeAllThreads
Event: 0.796 Executing VM operation: HandshakeAllThreads done
Event: 0.916 Executing VM operation: G1CollectForAllocation

Events (20 events):
Event: 0.803 loading class java/nio/file/FileTreeWalker$DirectoryNode done
Event: 0.803 loading class java/nio/file/FileTreeWalker$Event
Event: 0.803 loading class java/nio/file/FileTreeWalker$Event done
Event: 0.803 loading class java/nio/file/FileTreeWalker$EventType
Event: 0.803 loading class java/nio/file/FileTreeWalker$EventType done
Event: 0.803 loading class java/util/stream/SortedOps
Event: 0.803 loading class java/util/stream/SortedOps done
Event: 0.803 loading class java/util/stream/SortedOps$OfRef
Event: 0.803 loading class java/util/stream/SortedOps$OfRef done
Event: 0.803 loading class java/util/Comparators$NaturalOrderComparator
Event: 0.804 loading class java/util/Comparators$NaturalOrderComparator done
Event: 0.804 loading class java/util/stream/SortedOps$RefSortingSink
Event: 0.804 loading class java/util/stream/SortedOps$AbstractRefSortingSink
Event: 0.804 loading class java/util/stream/SortedOps$AbstractRefSortingSink done
Event: 0.804 loading class java/util/stream/SortedOps$RefSortingSink done
Event: 0.804 loading class java/util/regex/Pattern$LazyLoop
Event: 0.804 loading class java/util/regex/Pattern$LazyLoop done
Event: 0.832 loading class java/util/regex/Pattern$Pos
Event: 0.832 loading class java/util/regex/Pattern$Pos done
Event: 0.844 Thread 0x0000021d18da3020 Thread exited: 0x0000021d18da3020


Dynamic libraries:
0x00007ff6c63c0000 - 0x00007ff6c63ce000 	C:\Users\Administrator\.jdks\azul-17.0.7\bin\java.exe
0x00007ffa7bf70000 - 0x00007ffa7c168000 	C:\Windows\SYSTEM32\ntdll.dll
0x00007ffa7be70000 - 0x00007ffa7bf2f000 	C:\Windows\System32\KERNEL32.DLL
0x00007ffa79b70000 - 0x00007ffa79e66000 	C:\Windows\System32\KERNELBASE.dll
0x00007ffa796c0000 - 0x00007ffa797c0000 	C:\Windows\System32\ucrtbase.dll
0x00007ffa75b50000 - 0x00007ffa75b69000 	C:\Users\Administrator\.jdks\azul-17.0.7\bin\jli.dll
0x00007ffa75ad0000 - 0x00007ffa75aeb000 	C:\Users\Administrator\.jdks\azul-17.0.7\bin\VCRUNTIME140.dll
0x00007ffa7a930000 - 0x00007ffa7aacd000 	C:\Windows\System32\USER32.dll
0x00007ffa79fa0000 - 0x00007ffa79fc2000 	C:\Windows\System32\win32u.dll
0x00007ffa7aea0000 - 0x00007ffa7aecc000 	C:\Windows\System32\GDI32.dll
0x00007ffa78a30000 - 0x00007ffa78cca000 	C:\Windows\WinSxS\amd64_microsoft.windows.common-controls_6595b64144ccf1df_6.0.19041.1110_none_60b5254171f9507e\COMCTL32.dll
0x00007ffa799c0000 - 0x00007ffa79ad5000 	C:\Windows\System32\gdi32full.dll
0x00007ffa7ad60000 - 0x00007ffa7adfe000 	C:\Windows\System32\msvcrt.dll
0x00007ffa79920000 - 0x00007ffa799bd000 	C:\Windows\System32\msvcp_win.dll
0x00007ffa7ad30000 - 0x00007ffa7ad60000 	C:\Windows\System32\IMM32.DLL
0x00007ffa75ac0000 - 0x00007ffa75acc000 	C:\Users\Administrator\.jdks\azul-17.0.7\bin\vcruntime140_1.dll
0x00007ffa6baa0000 - 0x00007ffa6bb2d000 	C:\Users\Administrator\.jdks\azul-17.0.7\bin\msvcp140.dll
0x00007ffa32bd0000 - 0x00007ffa33835000 	C:\Users\Administrator\.jdks\azul-17.0.7\bin\server\jvm.dll
0x00007ffa7bd50000 - 0x00007ffa7bdff000 	C:\Windows\System32\ADVAPI32.dll
0x00007ffa79fd0000 - 0x00007ffa7a06c000 	C:\Windows\System32\sechost.dll
0x00007ffa7b600000 - 0x00007ffa7b726000 	C:\Windows\System32\RPCRT4.dll
0x00007ffa76a10000 - 0x00007ffa76a19000 	C:\Windows\SYSTEM32\WSOCK32.dll
0x00007ffa66dc0000 - 0x00007ffa66de7000 	C:\Windows\SYSTEM32\WINMM.dll
0x00007ffa7be00000 - 0x00007ffa7be6b000 	C:\Windows\System32\WS2_32.dll
0x00007ffa737f0000 - 0x00007ffa737fa000 	C:\Windows\SYSTEM32\VERSION.dll
0x00007ffa76dc0000 - 0x00007ffa76dd2000 	C:\Windows\SYSTEM32\kernel.appcore.dll
0x00007ffa75ab0000 - 0x00007ffa75aba000 	C:\Users\Administrator\.jdks\azul-17.0.7\bin\jimage.dll
0x00007ffa78ec0000 - 0x00007ffa790a4000 	C:\Windows\SYSTEM32\DBGHELP.DLL
0x00007ffa78e00000 - 0x00007ffa78e34000 	C:\Windows\SYSTEM32\dbgcore.DLL
0x00007ffa79ae0000 - 0x00007ffa79b62000 	C:\Windows\System32\bcryptPrimitives.dll
0x00007ffa6f150000 - 0x00007ffa6f15e000 	C:\Users\Administrator\.jdks\azul-17.0.7\bin\instrument.dll
0x00007ffa6f0b0000 - 0x00007ffa6f0d5000 	C:\Users\Administrator\.jdks\azul-17.0.7\bin\java.dll
0x00007ffa5b260000 - 0x00007ffa5b337000 	C:\Users\Administrator\.jdks\azul-17.0.7\bin\jsvml.dll
0x00007ffa7a180000 - 0x00007ffa7a8c4000 	C:\Windows\System32\SHELL32.dll
0x00007ffa770a0000 - 0x00007ffa77833000 	C:\Windows\SYSTEM32\windows.storage.dll
0x00007ffa7b2a0000 - 0x00007ffa7b5f4000 	C:\Windows\System32\combase.dll
0x00007ffa78990000 - 0x00007ffa789be000 	C:\Windows\SYSTEM32\Wldp.dll
0x00007ffa7aae0000 - 0x00007ffa7ab8d000 	C:\Windows\System32\SHCORE.dll
0x00007ffa7a8d0000 - 0x00007ffa7a925000 	C:\Windows\System32\shlwapi.dll
0x00007ffa79580000 - 0x00007ffa795a5000 	C:\Windows\SYSTEM32\profapi.dll
0x00007ffa6f070000 - 0x00007ffa6f088000 	C:\Users\Administrator\.jdks\azul-17.0.7\bin\zip.dll
0x00007ffa74660000 - 0x00007ffa74679000 	C:\Users\Administrator\.jdks\azul-17.0.7\bin\net.dll
0x00007ffa72aa0000 - 0x00007ffa72baa000 	C:\Windows\SYSTEM32\WINHTTP.dll
0x00007ffa78860000 - 0x00007ffa788ca000 	C:\Windows\system32\mswsock.dll
0x00007ffa6f090000 - 0x00007ffa6f0a6000 	C:\Users\Administrator\.jdks\azul-17.0.7\bin\nio.dll
0x00007ffa6ef70000 - 0x00007ffa6ef8a000 	C:\Program Files\JetBrains\IntelliJ IDEA 2023.1\bin\breakgen64.dll
0x00007ffa78420000 - 0x00007ffa784ea000 	C:\Windows\SYSTEM32\DNSAPI.dll
0x00007ffa783e0000 - 0x00007ffa7841b000 	C:\Windows\SYSTEM32\IPHLPAPI.DLL
0x00007ffa7ae00000 - 0x00007ffa7ae08000 	C:\Windows\System32\NSI.dll
0x00007ffa6bc00000 - 0x00007ffa6bc0a000 	C:\Windows\System32\rasadhlp.dll
0x00007ffa6d000000 - 0x00007ffa6d082000 	C:\Windows\System32\fwpuclnt.dll
0x00007ffa79e70000 - 0x00007ffa79e97000 	C:\Windows\System32\bcrypt.dll
0x00007ffa6f040000 - 0x00007ffa6f049000 	C:\Users\Administrator\.jdks\azul-17.0.7\bin\management.dll
0x00007ffa6eff0000 - 0x00007ffa6effb000 	C:\Users\Administrator\.jdks\azul-17.0.7\bin\management_ext.dll
0x00007ffa7aad0000 - 0x00007ffa7aad8000 	C:\Windows\System32\PSAPI.DLL
0x00007ffa793c0000 - 0x00007ffa793d8000 	C:\Windows\SYSTEM32\CRYPTSP.dll
0x00007ffa78060000 - 0x00007ffa78094000 	C:\Windows\system32\rsaenh.dll
0x00007ffa79540000 - 0x00007ffa7956e000 	C:\Windows\SYSTEM32\USERENV.dll
0x00007ffa78950000 - 0x00007ffa7895c000 	C:\Windows\SYSTEM32\CRYPTBASE.dll
0x00007ffa73360000 - 0x00007ffa73377000 	C:\Windows\SYSTEM32\dhcpcsvc6.DLL
0x00007ffa73450000 - 0x00007ffa7346d000 	C:\Windows\SYSTEM32\dhcpcsvc.DLL
0x00007ffa5f040000 - 0x00007ffa5f057000 	C:\Windows\system32\napinsp.dll
0x00007ffa5ef90000 - 0x00007ffa5efab000 	C:\Windows\system32\pnrpnsp.dll
0x00007ffa5ef70000 - 0x00007ffa5ef85000 	C:\Windows\system32\wshbth.dll
0x00007ffa74510000 - 0x00007ffa7452d000 	C:\Windows\system32\NLAapi.dll
0x00007ffa5f000000 - 0x00007ffa5f012000 	C:\Windows\System32\winrnr.dll

dbghelp: loaded successfully - version: 4.0.5 - missing functions: none
symbol engine: initialized successfully - sym options: 0x614 - pdb path: .;C:\Users\Administrator\.jdks\azul-17.0.7\bin;C:\Windows\SYSTEM32;C:\Windows\WinSxS\amd64_microsoft.windows.common-controls_6595b64144ccf1df_6.0.19041.1110_none_60b5254171f9507e;C:\Users\Administrator\.jdks\azul-17.0.7\bin\server;C:\Program Files\JetBrains\IntelliJ IDEA 2023.1\bin

VM Arguments:
jvm_args: -XX:TieredStopAtLevel=1 -Dspring.output.ansi.enabled=always -Dcom.sun.management.jmxremote -Dspring.jmx.enabled=true -Dspring.liveBeansView.mbeanDomain -Dspring.application.admin.enabled=true -Dmanagement.endpoints.jmx.exposure.include=* -javaagent:C:\Program Files\JetBrains\IntelliJ IDEA 2023.1\lib\idea_rt.jar=52805:C:\Program Files\JetBrains\IntelliJ IDEA 2023.1\bin -Dfile.encoding=UTF-8 
java_command: com.green.secondproject.SecondProjectApplication
java_class_path (initial): D:\Spring\com\green\HiSchool3rdproject\target\classes;C:\Users\Administrator\.m2\repository\org\springframework\boot\spring-boot-starter-data-jpa\3.1.2\spring-boot-starter-data-jpa-3.1.2.jar;C:\Users\Administrator\.m2\repository\org\springframework\boot\spring-boot-starter-aop\3.1.2\spring-boot-starter-aop-3.1.2.jar;C:\Users\Administrator\.m2\repository\org\aspectj\aspectjweaver\1.9.19\aspectjweaver-1.9.19.jar;C:\Users\Administrator\.m2\repository\org\hibernate\orm\hibernate-core\6.2.6.Final\hibernate-core-6.2.6.Final.jar;C:\Users\Administrator\.m2\repository\jakarta\persistence\jakarta.persistence-api\3.1.0\jakarta.persistence-api-3.1.0.jar;C:\Users\Administrator\.m2\repository\jakarta\transaction\jakarta.transaction-api\2.0.1\jakarta.transaction-api-2.0.1.jar;C:\Users\Administrator\.m2\repository\org\jboss\logging\jboss-logging\3.5.3.Final\jboss-logging-3.5.3.Final.jar;C:\Users\Administrator\.m2\repository\org\hibernate\common\hibernate-commons-annotations\6.0.6.Final\hibernate-commons-annotations-6.0.6.Final.jar;C:\Users\Administrator\.m2\repository\io\smallrye\jandex\3.0.5\jandex-3.0.5.jar;C:\Users\Administrator\.m2\repository\com\fasterxml\classmate\1.5.1\classmate-1.5.1.jar;C:\Users\Administrator\.m2\repository\net\bytebuddy\byte-buddy\1.14.5\byte-buddy-1.14.5.jar;C:\Users\Administrator\.m2\repository\org\glassfish\jaxb\jaxb-runtime\4.0.3\jaxb-runtime-4.0.3.jar;C:\Users\Administrator\.m2\repository\org\glassfish\jaxb\jaxb-core\4.0.3\jaxb-core-4.0.3.jar;C:\Users\Administrator\.m2\repository\org\glassfish\jaxb\txw2\4.0.3\txw2-4.0.3.jar;C:\Users\Administrator\.m2\repository\com\sun\istack\istack-commons-runtime\4.1.2\istack-commons-runtime-4.1.2.jar;C:\Users\Administrator\.m2\repository\jakarta\inject\jakarta.inject-api\2.0.1\jakarta.inject-api-2.0.1.jar;C:\Users\Administrator\.m2\repository\org\antlr\antlr4-runtime\4.10.1\antlr4-runtime-4.10.1.jar;C:\Users\Administrator\.m2\repository\org\springframework\data\spring-data-jpa\3.1.2\sp
Launcher Type: SUN_STANDARD

[Global flags]
     intx CICompilerCount                          = 4                                         {product} {ergonomic}
     uint ConcGCThreads                            = 3                                         {product} {ergonomic}
     uint G1ConcRefinementThreads                  = 10                                        {product} {ergonomic}
   size_t G1HeapRegionSize                         = 2097152                                   {product} {ergonomic}
    uintx GCDrainStackTargetSize                   = 64                                        {product} {ergonomic}
   size_t InitialHeapSize                          = 268435456                                 {product} {ergonomic}
     bool ManagementServer                         = true                                      {product} {command line}
   size_t MarkStackSize                            = 4194304                                   {product} {ergonomic}
   size_t MaxHeapSize                              = 4273995776                                {product} {ergonomic}
   size_t MaxNewSize                               = 2562719744                                {product} {ergonomic}
   size_t MinHeapDeltaBytes                        = 2097152                                   {product} {ergonomic}
   size_t MinHeapSize                              = 8388608                                   {product} {ergonomic}
    uintx NonProfiledCodeHeapSize                  = 0                                      {pd product} {ergonomic}
     bool ProfileInterpreter                       = false                                  {pd product} {command line}
    uintx ProfiledCodeHeapSize                     = 0                                      {pd product} {ergonomic}
   size_t SoftMaxHeapSize                          = 4273995776                             {manageable} {ergonomic}
     intx TieredStopAtLevel                        = 1                                         {product} {command line}
     bool UseCompressedClassPointers               = true                           {product lp64_product} {ergonomic}
     bool UseCompressedOops                        = true                           {product lp64_product} {ergonomic}
     bool UseG1GC                                  = true                                      {product} {ergonomic}
     bool UseLargePagesIndividualAllocation        = false                                  {pd product} {ergonomic}

Logging:
Log output configuration:
 #0: stdout all=warning uptime,level,tags
 #1: stderr all=off uptime,level,tags

Environment Variables:
JAVA_HOME=C:\Users\Administrator\.jdks\azul-17.0.7
CLASSPATH=C:\Users\Administrator\.jdks\azul-17.0.7\lib
PATH=C:\Program Files (x86)\Common Files\Intel\Shared Libraries\redist\intel64_win\compiler;C:\Program Files (x86)\Common Files\Intel\Shared Libraries\redist\intel64\compiler;C:\Windows\system32;C:\Windows;C:\Windows\System32\Wbem;C:\Windows\System32\WindowsPowerShell\v1.0\;C:\Windows\System32\OpenSSH\;C:\Program Files\Bandizip\;C:\Program Files\Git\cmd;?C:\Users\Administrator\.jdks\azul-17.0.7\bin;C:\Program Files\Redis\;C:\Users\Administrator\AppData\Local\Microsoft\WindowsApps;C:\Users\Administrator\AppData\Local\Programs\Microsoft VS Code\bin;C:\Program Files\JetBrains\IntelliJ IDEA 2023.1\bin;;C:\Users\Administrator\.jdks\azul-17.0.7\bin;
USERNAME=Administrator
OS=Windows_NT
PROCESSOR_IDENTIFIER=Intel64 Family 6 Model 158 Stepping 10, GenuineIntel
TMP=C:\Users\ADMINI~1\AppData\Local\Temp
TEMP=C:\Users\ADMINI~1\AppData\Local\Temp



---------------  S Y S T E M  ---------------

OS:
 Windows 10 , 64 bit Build 19041 (10.0.19041.3155)
OS uptime: 1 days 23:31 hours

CPU: total 12 (initial active 12) (6 cores per cpu, 2 threads per core) family 6 model 158 stepping 10 microcode 0xb4, cx8, cmov, fxsr, ht, mmx, 3dnowpref, sse, sse2, sse3, ssse3, sse4.1, sse4.2, popcnt, lzcnt, tsc, tscinvbit, avx, avx2, aes, erms, clmul, bmi1, bmi2, rtm, adx, fma, vzeroupper, clflush, clflushopt

Memory: 4k page, system-wide physical 16301M (7659M free)
TotalPageFile size 19245M (AvailPageFile size 5847M)
current process WorkingSet (physical memory assigned to process): 139M, peak: 139M
current process commit charge ("private bytes"): 382M, peak: 382M

vm_info: OpenJDK 64-Bit Server VM (17.0.7+7-LTS) for windows-amd64 JRE (17.0.7+7-LTS) (Zulu17.42+19-CA), built on Apr 10 2023 13:02:30 by "zulu_re" with MS VC++ 16.10 / 16.11 (VS2019)

END.
