#
# A fatal error has been detected by the Java Runtime Environment:
#
#  EXCEPTION_ACCESS_VIOLATION (0xc0000005) at pc=0x00007ff938dcf9a4, pid=12152, tid=5764
#
# JRE version: OpenJDK Runtime Environment Zulu17.42+19-CA (17.0.7+7) (build 17.0.7+7-LTS)
# Java VM: OpenJDK 64-Bit Server VM Zulu17.42+19-CA (17.0.7+7-LTS, mixed mode, emulated-client, sharing, tiered, compressed oops, compressed class ptrs, g1 gc, windows-amd64)
# Problematic frame:
# V  [jvm.dll+0x2df9a4]
#
# No core dump will be written. Minidumps are not enabled by default on client versions of Windows
#
# If you would like to submit a bug report, please visit:
#   http://www.azul.com/support/
#

---------------  S U M M A R Y ------------

Command Line: -XX:TieredStopAtLevel=1 -Dspring.output.ansi.enabled=always -Dcom.sun.management.jmxremote -Dspring.jmx.enabled=true -Dspring.liveBeansView.mbeanDomain -Dspring.application.admin.enabled=true -Dmanagement.endpoints.jmx.exposure.include=* -javaagent:C:\Program Files\JetBrains\IntelliJ IDEA 2023.1\lib\idea_rt.jar=61113:C:\Program Files\JetBrains\IntelliJ IDEA 2023.1\bin -Dfile.encoding=UTF-8 com.green.secondproject.SecondProjectApplication

Host: Intel(R) Core(TM) i7-8700 CPU @ 3.20GHz, 12 cores, 15G,  Windows 10 , 64 bit Build 19041 (10.0.19041.3155)
Time: Thu Jul 27 14:51:51 2023  Windows 10 , 64 bit Build 19041 (10.0.19041.3155) elapsed time: 1.138500 seconds (0d 0h 0m 1s)

---------------  T H R E A D  ---------------

Current thread (0x0000023e601afe20):  GCTaskThread "GC Thread#8" [stack: 0x0000006eb8000000,0x0000006eb8100000] [id=5764]

Stack: [0x0000006eb8000000,0x0000006eb8100000],  sp=0x0000006eb80ff748,  free space=1021k
Native frames: (J=compiled Java code, j=interpreted, Vv=VM code, C=native code)
V  [jvm.dll+0x2df9a4]


siginfo: EXCEPTION_ACCESS_VIOLATION (0xc0000005), reading address 0x000000870d551aa8


Register to memory mapping:

RIP=0x00007ff938dcf9a4 jvm.dll
RAX=0x0000023e43ab31ec points into unknown readable memory: 00 00 00 00
RBX=0x0000006eb65fe4f0 points into unknown readable memory: 0x00007ff939448700 | 00 87 44 39 f9 7f 00 00
RCX=0x000000000000003e is an unknown value
RDX=0x000000870d551aa8 is an unknown value
RSP=0x0000006eb80ff748 points into unknown readable memory: 0x00007ff938dcc02e | 2e c0 dc 38 f9 7f 00 00
RBP=0x0 is NULL
RSI=0x0000023e60102c28 points into unknown readable memory: 0x000000870d551aa8 | a8 1a 55 0d 87 00 00 00
RDI=0xffffffffffc00000 is an unknown value
R8 =0x000000000004386a is an unknown value
R9 =0x000000070d551078 is an oop: java.lang.String 
{0x000000070d551078} - klass: 'java/lang/String'
 - string: "StreamStart"
R10=0x0000023e43a615d0 points into unknown readable memory: 0x00007ff939448760 | 60 87 44 39 f9 7f 00 00
R11=0x0000006717a169f7 is an unknown value
R12=0x0000006eb65fe500 points into unknown readable memory: 0x00007ff939449ab8 | b8 9a 44 39 f9 7f 00 00
R13=0x0000023e60102b80 points into unknown readable memory: 0x00000007103baee8 | e8 ae 3b 10 07 00 00 00
R14=0x0 is NULL
R15=0x0000000000000515 is an unknown value


Registers:
RAX=0x0000023e43ab31ec, RBX=0x0000006eb65fe4f0, RCX=0x000000000000003e, RDX=0x000000870d551aa8
RSP=0x0000006eb80ff748, RBP=0x0000000000000000, RSI=0x0000023e60102c28, RDI=0xffffffffffc00000
R8 =0x000000000004386a, R9 =0x000000070d551078, R10=0x0000023e43a615d0, R11=0x0000006717a169f7
R12=0x0000006eb65fe500, R13=0x0000023e60102b80, R14=0x0000000000000000, R15=0x0000000000000515
RIP=0x00007ff938dcf9a4, EFLAGS=0x0000000000010202

Top of Stack: (sp=0x0000006eb80ff748)
0x0000006eb80ff748:   00007ff938dcc02e 0000000000000007
0x0000006eb80ff758:   0000000000000000 0000006eb65fe758
0x0000006eb80ff768:   3ff22b48d3ae685e 0000000000000000
0x0000006eb80ff778:   0000000000000001 0000000000000008
0x0000006eb80ff788:   000000000000006e 0000000000000388
0x0000006eb80ff798:   0000006eb65fe4f0 0000006eb65fe848
0x0000006eb80ff7a8:   0000006eb65fe758 0000000000000000
0x0000006eb80ff7b8:   00007ff96ba730ce 0000023e5f1154f0
0x0000006eb80ff7c8:   00007ff9392e8c5e 000000faee1cea19
0x0000006eb80ff7d8:   0000023e5fb84770 0000000000000008
0x0000006eb80ff7e8:   0000000000ad4ff5 00000000d7169626
0x0000006eb80ff7f8:   000000000000006e 0000000000000078
0x0000006eb80ff808:   0000000000000014 0000483c16ca2247
0x0000006eb80ff818:   0000000000000000 0000000000000000
0x0000006eb80ff828:   0000023e601afe20 0000000000000000
0x0000006eb80ff838:   0000000000000000 0000006eb65fe740 

Instructions: (pc=0x00007ff938dcf9a4)
0x00007ff938dcf8a4:   8b 82 94 00 00 00 c1 e8 05 a8 01 75 13 8b 82 94
0x00007ff938dcf8b4:   00 00 00 83 f8 0d 74 08 48 8b ca e8 cc 10 08 00
0x00007ff938dcf8c4:   32 c0 48 83 c4 28 c3 cc cc cc cc cc 4c 8b 41 08
0x00007ff938dcf8d4:   4c 8b ca 48 85 d2 74 67 41 8b 88 c0 01 00 00 49
0x00007ff938dcf8e4:   8b 80 b0 01 00 00 48 d3 ea 4c 8b 14 d0 4d 3b 8a
0x00007ff938dcf8f4:   c0 00 00 00 73 49 49 8b 80 c8 04 00 00 48 8b 90
0x00007ff938dcf904:   98 00 00 00 4c 2b 4a 08 8b 4a 18 48 8b 52 20 49
0x00007ff938dcf914:   c1 e9 03 49 d3 e9 41 0f b6 c1 4d 8b c1 24 3f 49
0x00007ff938dcf924:   c1 e8 06 0f b6 c8 4a 8b 04 c2 48 0f a3 c8 72 0f
0x00007ff938dcf934:   41 8b 82 94 00 00 00 83 f8 29 74 03 32 c0 c3 b0
0x00007ff938dcf944:   01 c3 cc cc cc cc cc cc cc cc cc cc 48 85 d2 75
0x00007ff938dcf954:   03 32 c0 c3 48 8b 41 08 8b 88 c0 01 00 00 48 8b
0x00007ff938dcf964:   80 b0 01 00 00 48 d3 ea 48 8b 0c d0 8b 81 94 00
0x00007ff938dcf974:   00 00 a8 34 0f 95 c0 c3 cc cc cc cc 48 8b 41 08
0x00007ff938dcf984:   4c 8b c2 8b 88 90 05 00 00 48 8b 80 80 05 00 00
0x00007ff938dcf994:   49 d3 e8 42 0f b7 0c 40 66 c1 e9 08 84 c9 78 0c
0x00007ff938dcf9a4:   48 8b 02 24 03 3c 03 74 03 32 c0 c3 b0 01 c3 cc
0x00007ff938dcf9b4:   cc cc cc cc cc cc cc cc cc cc cc cc 4c 8b 49 08
0x00007ff938dcf9c4:   4c 8b c2 41 8b 89 90 05 00 00 49 8b 81 80 05 00
0x00007ff938dcf9d4:   00 49 d3 e8 42 0f b7 0c 40 66 c1 e9 08 84 c9 79
0x00007ff938dcf9e4:   23 41 8b 89 c0 01 00 00 49 8b 81 b0 01 00 00 48
0x00007ff938dcf9f4:   d3 ea 48 8b 0c d0 8b 81 94 00 00 00 83 f8 03 74
0x00007ff938dcfa04:   03 32 c0 c3 b0 01 c3 cc cc cc cc cc 48 8b 41 08
0x00007ff938dcfa14:   4c 8b d1 4c 8b 02 8b 88 90 05 00 00 48 8b 80 80
0x00007ff938dcfa24:   05 00 00 49 d3 e8 46 0f b7 0c 40 66 41 c1 e9 08
0x00007ff938dcfa34:   45 84 c9 79 06 41 80 f9 fe 75 09 49 8b 4a 10 e9
0x00007ff938dcfa44:   e8 3f 00 00 c3 cc cc cc cc cc cc cc 8b 02 4c 8b
0x00007ff938dcfa54:   c9 85 c0 75 05 45 33 c0 eb 13 8b 0d 84 b8 83 00
0x00007ff938dcfa64:   4c 8b c0 49 d3 e0 4c 03 05 6f b8 83 00 49 8b 41
0x00007ff938dcfa74:   08 8b 88 90 05 00 00 48 8b 80 80 05 00 00 49 d3
0x00007ff938dcfa84:   e8 42 0f b7 0c 40 66 c1 e9 08 84 c9 79 05 80 f9
0x00007ff938dcfa94:   fe 75 0c 49 8b 49 10 48 ff c2 e9 8d 3f 00 00 c3 


Stack slot to memory mapping:
stack at sp + 0 slots: 0x00007ff938dcc02e jvm.dll
stack at sp + 1 slots: 0x0000000000000007 is an unknown value
stack at sp + 2 slots: 0x0 is NULL
stack at sp + 3 slots: 0x0000006eb65fe758 points into unknown readable memory: 0x0000023e5fb84770 | 70 47 b8 5f 3e 02 00 00
stack at sp + 4 slots: 0x3ff22b48d3ae685e is an unknown value
stack at sp + 5 slots: 0x0 is NULL
stack at sp + 6 slots: 0x0000000000000001 is an unknown value
stack at sp + 7 slots: 0x0000000000000008 is an unknown value


---------------  P R O C E S S  ---------------

Threads class SMR info:
_java_thread_list=0x0000023e605430a0, length=18, elements={
0x0000023e43a51670, 0x0000023e5ad8bd00, 0x0000023e5ad8f330, 0x0000023e5f00c420,
0x0000023e5f00d1b0, 0x0000023e5f012ca0, 0x0000023e5f017600, 0x0000023e5f01c3b0,
0x0000023e5f0170f0, 0x0000023e5f015290, 0x0000023e5f104400, 0x0000023e5ad75f00,
0x0000023e5ad764d0, 0x0000023e5f014d80, 0x0000023e5f013e50, 0x0000023e5f014870,
0x0000023e5f0157a0, 0x0000023e5f014360
}

Java Threads: ( => current thread )
  0x0000023e43a51670 JavaThread "main" [_thread_blocked, id=8, stack(0x0000006eb5f00000,0x0000006eb6000000)]
  0x0000023e5ad8bd00 JavaThread "Reference Handler" daemon [_thread_blocked, id=3424, stack(0x0000006eb6600000,0x0000006eb6700000)]
  0x0000023e5ad8f330 JavaThread "Finalizer" daemon [_thread_blocked, id=11668, stack(0x0000006eb6700000,0x0000006eb6800000)]
  0x0000023e5f00c420 JavaThread "Signal Dispatcher" daemon [_thread_blocked, id=11096, stack(0x0000006eb6800000,0x0000006eb6900000)]
  0x0000023e5f00d1b0 JavaThread "Attach Listener" daemon [_thread_blocked, id=2548, stack(0x0000006eb6900000,0x0000006eb6a00000)]
  0x0000023e5f012ca0 JavaThread "Service Thread" daemon [_thread_blocked, id=1460, stack(0x0000006eb6a00000,0x0000006eb6b00000)]
  0x0000023e5f017600 JavaThread "Monitor Deflation Thread" daemon [_thread_blocked, id=13484, stack(0x0000006eb6b00000,0x0000006eb6c00000)]
  0x0000023e5f01c3b0 JavaThread "C1 CompilerThread0" daemon [_thread_blocked, id=6128, stack(0x0000006eb6c00000,0x0000006eb6d00000)]
  0x0000023e5f0170f0 JavaThread "Sweeper thread" daemon [_thread_blocked, id=8556, stack(0x0000006eb6d00000,0x0000006eb6e00000)]
  0x0000023e5f015290 JavaThread "Common-Cleaner" daemon [_thread_blocked, id=1172, stack(0x0000006eb6e00000,0x0000006eb6f00000)]
  0x0000023e5f104400 JavaThread "C1 CompilerThread1" daemon [_thread_blocked, id=4164, stack(0x0000006eb6f00000,0x0000006eb7000000)]
  0x0000023e5ad75f00 JavaThread "C1 CompilerThread2" daemon [_thread_blocked, id=8580, stack(0x0000006eb7000000,0x0000006eb7100000)]
  0x0000023e5ad764d0 JavaThread "C1 CompilerThread3" daemon [_thread_blocked, id=12156, stack(0x0000006eb7100000,0x0000006eb7200000)]
  0x0000023e5f014d80 JavaThread "Monitor Ctrl-Break" daemon [_thread_in_native, id=752, stack(0x0000006eb7200000,0x0000006eb7300000)]
  0x0000023e5f013e50 JavaThread "Notification Thread" daemon [_thread_blocked, id=11584, stack(0x0000006eb7300000,0x0000006eb7400000)]
  0x0000023e5f014870 JavaThread "RMI TCP Accept-0" daemon [_thread_in_native, id=5152, stack(0x0000006eb7400000,0x0000006eb7500000)]
  0x0000023e5f0157a0 JavaThread "Thread-0" [_thread_blocked, id=13844, stack(0x0000006eb7d00000,0x0000006eb7e00000)]
  0x0000023e5f014360 JavaThread "restartedMain" [_thread_blocked, id=2144, stack(0x0000006eb7e00000,0x0000006eb7f00000)]

Other Threads:
  0x0000023e5ad86550 VMThread "VM Thread" [stack: 0x0000006eb6500000,0x0000006eb6600000] [id=4748]
  0x0000023e43ad6080 WatcherThread [stack: 0x0000006eb7500000,0x0000006eb7600000] [id=15236]
  0x0000023e43abbaa0 GCTaskThread "GC Thread#0" [stack: 0x0000006eb6000000,0x0000006eb6100000] [id=11736]
  0x0000023e5fb847e0 GCTaskThread "GC Thread#1" [stack: 0x0000006eb7600000,0x0000006eb7700000] [id=2056]
  0x0000023e5faed870 GCTaskThread "GC Thread#2" [stack: 0x0000006eb7700000,0x0000006eb7800000] [id=13584]
  0x0000023e5faedb30 GCTaskThread "GC Thread#3" [stack: 0x0000006eb7800000,0x0000006eb7900000] [id=2088]
  0x0000023e5faeddf0 GCTaskThread "GC Thread#4" [stack: 0x0000006eb7900000,0x0000006eb7a00000] [id=14428]
  0x0000023e5faee4c0 GCTaskThread "GC Thread#5" [stack: 0x0000006eb7a00000,0x0000006eb7b00000] [id=10372]
  0x0000023e5fb1bcd0 GCTaskThread "GC Thread#6" [stack: 0x0000006eb7b00000,0x0000006eb7c00000] [id=9716]
  0x0000023e601afb60 GCTaskThread "GC Thread#7" [stack: 0x0000006eb7f00000,0x0000006eb8000000] [id=13540]
=>0x0000023e601afe20 GCTaskThread "GC Thread#8" [stack: 0x0000006eb8000000,0x0000006eb8100000] [id=5764]
  0x0000023e606ccd50 GCTaskThread "GC Thread#9" [stack: 0x0000006eb8100000,0x0000006eb8200000] [id=13904]
  0x0000023e43acd8c0 ConcurrentGCThread "G1 Main Marker" [stack: 0x0000006eb6100000,0x0000006eb6200000] [id=12360]
  0x0000023e43acea70 ConcurrentGCThread "G1 Conc#0" [stack: 0x0000006eb6200000,0x0000006eb6300000] [id=11908]
  0x0000023e43b0e840 ConcurrentGCThread "G1 Refine#0" [stack: 0x0000006eb6300000,0x0000006eb6400000] [id=6372]
  0x0000023e5fb1a7d0 ConcurrentGCThread "G1 Refine#1" [stack: 0x0000006eb7c00000,0x0000006eb7d00000] [id=7668]
  0x0000023e5ac414b0 ConcurrentGCThread "G1 Service" [stack: 0x0000006eb6400000,0x0000006eb6500000] [id=816]

Threads with active compile tasks:
C1 CompilerThread0     1153 3051       1       java.util.TimSort::sort (229 bytes)

VM state: at safepoint (normal execution)

VM Mutex/Monitor currently owned by a thread:  ([mutex/lock_event])
[0x0000023e43a4d7d0] Threads_lock - owner thread: 0x0000023e5ad86550
[0x0000023e43a4c150] Heap_lock - owner thread: 0x0000023e5f014360

Heap address: 0x0000000701400000, size: 4076 MB, Compressed Oops mode: Zero based, Oop shift amount: 3

CDS archive(s) mapped at: [0x0000000800000000-0x0000000800c00000-0x0000000800c00000), size 12582912, SharedBaseAddress: 0x0000000800000000, ArchiveRelocationMode: 0.
Compressed class space mapped at: 0x0000000801000000-0x0000000841000000, reserved size: 1073741824
Narrow klass base: 0x0000000800000000, Narrow klass shift: 0, Narrow klass range: 0x100000000

GC Precious Log:
 CPUs: 12 total, 12 available
 Memory: 16301M
 Large Page Support: Disabled
 NUMA Support: Disabled
 Compressed Oops: Enabled (Zero based)
 Heap Region Size: 2M
 Heap Min Capacity: 8M
 Heap Initial Capacity: 256M
 Heap Max Capacity: 4076M
 Pre-touch: Disabled
 Parallel Workers: 10
 Concurrent Workers: 3
 Concurrent Refinement Workers: 10
 Periodic GC: Disabled

Heap:
 garbage-first heap   total 262144K, used 27065K [0x0000000701400000, 0x0000000800000000)
  region size 2048K, 11 young (22528K), 4 survivors (8192K)
 Metaspace       used 21297K, committed 21504K, reserved 1114112K
  class space    used 2867K, committed 2944K, reserved 1048576K

Heap Regions: E=young(eden), S=young(survivor), O=old, HS=humongous(starts), HC=humongous(continues), CS=collection set, F=free, OA=open archive, CA=closed archive, TAMS=top-at-mark-start (previous, next)
|   0|0x0000000701400000, 0x0000000701600000, 0x0000000701600000|100%| O|  |TAMS 0x0000000701400000, 0x0000000701600000| Untracked 
|   1|0x0000000701600000, 0x0000000701800000, 0x0000000701800000|100%| O|  |TAMS 0x0000000701600000, 0x0000000701800000| Untracked 
|   2|0x0000000701800000, 0x0000000701a00000, 0x0000000701a00000|100%| O|  |TAMS 0x0000000701800000, 0x0000000701a00000| Untracked 
|   3|0x0000000701a00000, 0x0000000701ac6e00, 0x0000000701c00000| 38%| O|  |TAMS 0x0000000701a00000, 0x0000000701ac6e00| Untracked 
|   4|0x0000000701c00000, 0x0000000701c00000, 0x0000000701e00000|  0%| F|  |TAMS 0x0000000701c00000, 0x0000000701c00000| Untracked 
|   5|0x0000000701e00000, 0x0000000701e00000, 0x0000000702000000|  0%| F|  |TAMS 0x0000000701e00000, 0x0000000701e00000| Untracked 
|   6|0x0000000702000000, 0x0000000702000000, 0x0000000702200000|  0%| F|  |TAMS 0x0000000702000000, 0x0000000702000000| Untracked 
|   7|0x0000000702200000, 0x0000000702200000, 0x0000000702400000|  0%| F|  |TAMS 0x0000000702200000, 0x0000000702200000| Untracked 
|   8|0x0000000702400000, 0x0000000702400000, 0x0000000702600000|  0%| F|  |TAMS 0x0000000702400000, 0x0000000702400000| Untracked 
|   9|0x0000000702600000, 0x0000000702600000, 0x0000000702800000|  0%| F|  |TAMS 0x0000000702600000, 0x0000000702600000| Untracked 
|  10|0x0000000702800000, 0x0000000702800000, 0x0000000702a00000|  0%| F|  |TAMS 0x0000000702800000, 0x0000000702800000| Untracked 
|  11|0x0000000702a00000, 0x0000000702a00000, 0x0000000702c00000|  0%| F|  |TAMS 0x0000000702a00000, 0x0000000702a00000| Untracked 
|  12|0x0000000702c00000, 0x0000000702c00000, 0x0000000702e00000|  0%| F|  |TAMS 0x0000000702c00000, 0x0000000702c00000| Untracked 
|  13|0x0000000702e00000, 0x0000000702e00000, 0x0000000703000000|  0%| F|  |TAMS 0x0000000702e00000, 0x0000000702e00000| Untracked 
|  14|0x0000000703000000, 0x0000000703000000, 0x0000000703200000|  0%| F|  |TAMS 0x0000000703000000, 0x0000000703000000| Untracked 
|  15|0x0000000703200000, 0x0000000703200000, 0x0000000703400000|  0%| F|  |TAMS 0x0000000703200000, 0x0000000703200000| Untracked 
|  16|0x0000000703400000, 0x0000000703400000, 0x0000000703600000|  0%| F|  |TAMS 0x0000000703400000, 0x0000000703400000| Untracked 
|  17|0x0000000703600000, 0x0000000703600000, 0x0000000703800000|  0%| F|  |TAMS 0x0000000703600000, 0x0000000703600000| Untracked 
|  18|0x0000000703800000, 0x0000000703800000, 0x0000000703a00000|  0%| F|  |TAMS 0x0000000703800000, 0x0000000703800000| Untracked 
|  19|0x0000000703a00000, 0x0000000703a00000, 0x0000000703c00000|  0%| F|  |TAMS 0x0000000703a00000, 0x0000000703a00000| Untracked 
|  20|0x0000000703c00000, 0x0000000703c00000, 0x0000000703e00000|  0%| F|  |TAMS 0x0000000703c00000, 0x0000000703c00000| Untracked 
|  21|0x0000000703e00000, 0x0000000703e00000, 0x0000000704000000|  0%| F|  |TAMS 0x0000000703e00000, 0x0000000703e00000| Untracked 
|  22|0x0000000704000000, 0x0000000704000000, 0x0000000704200000|  0%| F|  |TAMS 0x0000000704000000, 0x0000000704000000| Untracked 
|  23|0x0000000704200000, 0x0000000704200000, 0x0000000704400000|  0%| F|  |TAMS 0x0000000704200000, 0x0000000704200000| Untracked 
|  24|0x0000000704400000, 0x0000000704400000, 0x0000000704600000|  0%| F|  |TAMS 0x0000000704400000, 0x0000000704400000| Untracked 
|  25|0x0000000704600000, 0x0000000704600000, 0x0000000704800000|  0%| F|  |TAMS 0x0000000704600000, 0x0000000704600000| Untracked 
|  26|0x0000000704800000, 0x0000000704800000, 0x0000000704a00000|  0%| F|  |TAMS 0x0000000704800000, 0x0000000704800000| Untracked 
|  27|0x0000000704a00000, 0x0000000704a00000, 0x0000000704c00000|  0%| F|  |TAMS 0x0000000704a00000, 0x0000000704a00000| Untracked 
|  28|0x0000000704c00000, 0x0000000704c00000, 0x0000000704e00000|  0%| F|  |TAMS 0x0000000704c00000, 0x0000000704c00000| Untracked 
|  29|0x0000000704e00000, 0x0000000704e00000, 0x0000000705000000|  0%| F|  |TAMS 0x0000000704e00000, 0x0000000704e00000| Untracked 
|  30|0x0000000705000000, 0x0000000705000000, 0x0000000705200000|  0%| F|  |TAMS 0x0000000705000000, 0x0000000705000000| Untracked 
|  31|0x0000000705200000, 0x0000000705200000, 0x0000000705400000|  0%| F|  |TAMS 0x0000000705200000, 0x0000000705200000| Untracked 
|  32|0x0000000705400000, 0x0000000705400000, 0x0000000705600000|  0%| F|  |TAMS 0x0000000705400000, 0x0000000705400000| Untracked 
|  33|0x0000000705600000, 0x0000000705600000, 0x0000000705800000|  0%| F|  |TAMS 0x0000000705600000, 0x0000000705600000| Untracked 
|  34|0x0000000705800000, 0x0000000705800000, 0x0000000705a00000|  0%| F|  |TAMS 0x0000000705800000, 0x0000000705800000| Untracked 
|  35|0x0000000705a00000, 0x0000000705a00000, 0x0000000705c00000|  0%| F|  |TAMS 0x0000000705a00000, 0x0000000705a00000| Untracked 
|  36|0x0000000705c00000, 0x0000000705c00000, 0x0000000705e00000|  0%| F|  |TAMS 0x0000000705c00000, 0x0000000705c00000| Untracked 
|  37|0x0000000705e00000, 0x0000000705e00000, 0x0000000706000000|  0%| F|  |TAMS 0x0000000705e00000, 0x0000000705e00000| Untracked 
|  38|0x0000000706000000, 0x0000000706000000, 0x0000000706200000|  0%| F|  |TAMS 0x0000000706000000, 0x0000000706000000| Untracked 
|  39|0x0000000706200000, 0x0000000706200000, 0x0000000706400000|  0%| F|  |TAMS 0x0000000706200000, 0x0000000706200000| Untracked 
|  40|0x0000000706400000, 0x0000000706400000, 0x0000000706600000|  0%| F|  |TAMS 0x0000000706400000, 0x0000000706400000| Untracked 
|  41|0x0000000706600000, 0x0000000706600000, 0x0000000706800000|  0%| F|  |TAMS 0x0000000706600000, 0x0000000706600000| Untracked 
|  42|0x0000000706800000, 0x0000000706800000, 0x0000000706a00000|  0%| F|  |TAMS 0x0000000706800000, 0x0000000706800000| Untracked 
|  43|0x0000000706a00000, 0x0000000706a00000, 0x0000000706c00000|  0%| F|  |TAMS 0x0000000706a00000, 0x0000000706a00000| Untracked 
|  44|0x0000000706c00000, 0x0000000706c00000, 0x0000000706e00000|  0%| F|  |TAMS 0x0000000706c00000, 0x0000000706c00000| Untracked 
|  45|0x0000000706e00000, 0x0000000706e00000, 0x0000000707000000|  0%| F|  |TAMS 0x0000000706e00000, 0x0000000706e00000| Untracked 
|  46|0x0000000707000000, 0x0000000707000000, 0x0000000707200000|  0%| F|  |TAMS 0x0000000707000000, 0x0000000707000000| Untracked 
|  47|0x0000000707200000, 0x0000000707200000, 0x0000000707400000|  0%| F|  |TAMS 0x0000000707200000, 0x0000000707200000| Untracked 
|  48|0x0000000707400000, 0x0000000707400000, 0x0000000707600000|  0%| F|  |TAMS 0x0000000707400000, 0x0000000707400000| Untracked 
|  49|0x0000000707600000, 0x0000000707600000, 0x0000000707800000|  0%| F|  |TAMS 0x0000000707600000, 0x0000000707600000| Untracked 
|  50|0x0000000707800000, 0x0000000707800000, 0x0000000707a00000|  0%| F|  |TAMS 0x0000000707800000, 0x0000000707800000| Untracked 
|  51|0x0000000707a00000, 0x0000000707a00000, 0x0000000707c00000|  0%| F|  |TAMS 0x0000000707a00000, 0x0000000707a00000| Untracked 
|  52|0x0000000707c00000, 0x0000000707c00000, 0x0000000707e00000|  0%| F|  |TAMS 0x0000000707c00000, 0x0000000707c00000| Untracked 
|  53|0x0000000707e00000, 0x0000000707e00000, 0x0000000708000000|  0%| F|  |TAMS 0x0000000707e00000, 0x0000000707e00000| Untracked 
|  54|0x0000000708000000, 0x0000000708000000, 0x0000000708200000|  0%| F|  |TAMS 0x0000000708000000, 0x0000000708000000| Untracked 
|  55|0x0000000708200000, 0x0000000708200000, 0x0000000708400000|  0%| F|  |TAMS 0x0000000708200000, 0x0000000708200000| Untracked 
|  56|0x0000000708400000, 0x0000000708400000, 0x0000000708600000|  0%| F|  |TAMS 0x0000000708400000, 0x0000000708400000| Untracked 
|  57|0x0000000708600000, 0x0000000708600000, 0x0000000708800000|  0%| F|  |TAMS 0x0000000708600000, 0x0000000708600000| Untracked 
|  58|0x0000000708800000, 0x0000000708800000, 0x0000000708a00000|  0%| F|  |TAMS 0x0000000708800000, 0x0000000708800000| Untracked 
|  59|0x0000000708a00000, 0x0000000708a00000, 0x0000000708c00000|  0%| F|  |TAMS 0x0000000708a00000, 0x0000000708a00000| Untracked 
|  60|0x0000000708c00000, 0x0000000708c00000, 0x0000000708e00000|  0%| F|  |TAMS 0x0000000708c00000, 0x0000000708c00000| Untracked 
|  61|0x0000000708e00000, 0x0000000708e00000, 0x0000000709000000|  0%| F|  |TAMS 0x0000000708e00000, 0x0000000708e00000| Untracked 
|  62|0x0000000709000000, 0x0000000709000000, 0x0000000709200000|  0%| F|  |TAMS 0x0000000709000000, 0x0000000709000000| Untracked 
|  63|0x0000000709200000, 0x0000000709200000, 0x0000000709400000|  0%| F|  |TAMS 0x0000000709200000, 0x0000000709200000| Untracked 
|  64|0x0000000709400000, 0x0000000709400000, 0x0000000709600000|  0%| F|  |TAMS 0x0000000709400000, 0x0000000709400000| Untracked 
|  65|0x0000000709600000, 0x0000000709600000, 0x0000000709800000|  0%| F|  |TAMS 0x0000000709600000, 0x0000000709600000| Untracked 
|  66|0x0000000709800000, 0x0000000709800000, 0x0000000709a00000|  0%| F|  |TAMS 0x0000000709800000, 0x0000000709800000| Untracked 
|  67|0x0000000709a00000, 0x0000000709a00000, 0x0000000709c00000|  0%| F|  |TAMS 0x0000000709a00000, 0x0000000709a00000| Untracked 
|  68|0x0000000709c00000, 0x0000000709c00000, 0x0000000709e00000|  0%| F|  |TAMS 0x0000000709c00000, 0x0000000709c00000| Untracked 
|  69|0x0000000709e00000, 0x0000000709e00000, 0x000000070a000000|  0%| F|  |TAMS 0x0000000709e00000, 0x0000000709e00000| Untracked 
|  70|0x000000070a000000, 0x000000070a000000, 0x000000070a200000|  0%| F|  |TAMS 0x000000070a000000, 0x000000070a000000| Untracked 
|  71|0x000000070a200000, 0x000000070a200000, 0x000000070a400000|  0%| F|  |TAMS 0x000000070a200000, 0x000000070a200000| Untracked 
|  72|0x000000070a400000, 0x000000070a400000, 0x000000070a600000|  0%| F|  |TAMS 0x000000070a400000, 0x000000070a400000| Untracked 
|  73|0x000000070a600000, 0x000000070a600000, 0x000000070a800000|  0%| F|  |TAMS 0x000000070a600000, 0x000000070a600000| Untracked 
|  74|0x000000070a800000, 0x000000070a800000, 0x000000070aa00000|  0%| F|  |TAMS 0x000000070a800000, 0x000000070a800000| Untracked 
|  75|0x000000070aa00000, 0x000000070aa00000, 0x000000070ac00000|  0%| F|  |TAMS 0x000000070aa00000, 0x000000070aa00000| Untracked 
|  76|0x000000070ac00000, 0x000000070ac00000, 0x000000070ae00000|  0%| F|  |TAMS 0x000000070ac00000, 0x000000070ac00000| Untracked 
|  77|0x000000070ae00000, 0x000000070ae00000, 0x000000070b000000|  0%| F|  |TAMS 0x000000070ae00000, 0x000000070ae00000| Untracked 
|  78|0x000000070b000000, 0x000000070b000000, 0x000000070b200000|  0%| F|  |TAMS 0x000000070b000000, 0x000000070b000000| Untracked 
|  79|0x000000070b200000, 0x000000070b200000, 0x000000070b400000|  0%| F|  |TAMS 0x000000070b200000, 0x000000070b200000| Untracked 
|  80|0x000000070b400000, 0x000000070b400000, 0x000000070b600000|  0%| F|  |TAMS 0x000000070b400000, 0x000000070b400000| Untracked 
|  81|0x000000070b600000, 0x000000070b600000, 0x000000070b800000|  0%| F|  |TAMS 0x000000070b600000, 0x000000070b600000| Untracked 
|  82|0x000000070b800000, 0x000000070b800000, 0x000000070ba00000|  0%| F|  |TAMS 0x000000070b800000, 0x000000070b800000| Untracked 
|  83|0x000000070ba00000, 0x000000070ba00000, 0x000000070bc00000|  0%| F|  |TAMS 0x000000070ba00000, 0x000000070ba00000| Untracked 
|  84|0x000000070bc00000, 0x000000070bc00000, 0x000000070be00000|  0%| F|  |TAMS 0x000000070bc00000, 0x000000070bc00000| Untracked 
|  85|0x000000070be00000, 0x000000070be00000, 0x000000070c000000|  0%| F|  |TAMS 0x000000070be00000, 0x000000070be00000| Untracked 
|  86|0x000000070c000000, 0x000000070c000000, 0x000000070c200000|  0%| F|  |TAMS 0x000000070c000000, 0x000000070c000000| Untracked 
|  87|0x000000070c200000, 0x000000070c200000, 0x000000070c400000|  0%| F|  |TAMS 0x000000070c200000, 0x000000070c200000| Untracked 
|  88|0x000000070c400000, 0x000000070c400000, 0x000000070c600000|  0%| F|  |TAMS 0x000000070c400000, 0x000000070c400000| Untracked 
|  89|0x000000070c600000, 0x000000070c600000, 0x000000070c800000|  0%| F|  |TAMS 0x000000070c600000, 0x000000070c600000| Untracked 
|  90|0x000000070c800000, 0x000000070c800000, 0x000000070ca00000|  0%| F|  |TAMS 0x000000070c800000, 0x000000070c800000| Untracked 
|  91|0x000000070ca00000, 0x000000070ca00000, 0x000000070cc00000|  0%| F|  |TAMS 0x000000070ca00000, 0x000000070ca00000| Untracked 
|  92|0x000000070cc00000, 0x000000070cc00000, 0x000000070ce00000|  0%| F|  |TAMS 0x000000070cc00000, 0x000000070cc00000| Untracked 
|  93|0x000000070ce00000, 0x000000070ce00000, 0x000000070d000000|  0%| F|  |TAMS 0x000000070ce00000, 0x000000070ce00000| Untracked 
|  94|0x000000070d000000, 0x000000070d000000, 0x000000070d200000|  0%| F|  |TAMS 0x000000070d000000, 0x000000070d000000| Untracked 
|  95|0x000000070d200000, 0x000000070d3a7900, 0x000000070d400000| 82%| E|CS|TAMS 0x000000070d200000, 0x000000070d3a7900| Complete 
|  96|0x000000070d400000, 0x000000070d600000, 0x000000070d600000|100%| E|CS|TAMS 0x000000070d400000, 0x000000070d600000| Complete 
|  97|0x000000070d600000, 0x000000070d800000, 0x000000070d800000|100%| E|CS|TAMS 0x000000070d600000, 0x000000070d800000| Complete 
|  98|0x000000070d800000, 0x000000070d800000, 0x000000070da00000|  0%| F|  |TAMS 0x000000070d800000, 0x000000070d800000| Untracked 
|  99|0x000000070da00000, 0x000000070da00000, 0x000000070dc00000|  0%| F|  |TAMS 0x000000070da00000, 0x000000070da00000| Untracked 
| 100|0x000000070dc00000, 0x000000070dc00000, 0x000000070de00000|  0%| F|  |TAMS 0x000000070dc00000, 0x000000070dc00000| Untracked 
| 101|0x000000070de00000, 0x000000070de00000, 0x000000070e000000|  0%| F|  |TAMS 0x000000070de00000, 0x000000070de00000| Untracked 
| 102|0x000000070e000000, 0x000000070e000000, 0x000000070e200000|  0%| F|  |TAMS 0x000000070e000000, 0x000000070e000000| Untracked 
| 103|0x000000070e200000, 0x000000070e200000, 0x000000070e400000|  0%| F|  |TAMS 0x000000070e200000, 0x000000070e200000| Untracked 
| 104|0x000000070e400000, 0x000000070e400000, 0x000000070e600000|  0%| F|  |TAMS 0x000000070e400000, 0x000000070e400000| Untracked 
| 105|0x000000070e600000, 0x000000070e600000, 0x000000070e800000|  0%| F|  |TAMS 0x000000070e600000, 0x000000070e600000| Untracked 
| 106|0x000000070e800000, 0x000000070e800000, 0x000000070ea00000|  0%| F|  |TAMS 0x000000070e800000, 0x000000070e800000| Untracked 
| 107|0x000000070ea00000, 0x000000070ea00000, 0x000000070ec00000|  0%| F|  |TAMS 0x000000070ea00000, 0x000000070ea00000| Untracked 
| 108|0x000000070ec00000, 0x000000070ec00000, 0x000000070ee00000|  0%| F|  |TAMS 0x000000070ec00000, 0x000000070ec00000| Untracked 
| 109|0x000000070ee00000, 0x000000070ee00000, 0x000000070f000000|  0%| F|  |TAMS 0x000000070ee00000, 0x000000070ee00000| Untracked 
| 110|0x000000070f000000, 0x000000070f000000, 0x000000070f200000|  0%| F|  |TAMS 0x000000070f000000, 0x000000070f000000| Untracked 
| 111|0x000000070f200000, 0x000000070f200000, 0x000000070f400000|  0%| F|  |TAMS 0x000000070f200000, 0x000000070f200000| Untracked 
| 112|0x000000070f400000, 0x000000070f400000, 0x000000070f600000|  0%| F|  |TAMS 0x000000070f400000, 0x000000070f400000| Untracked 
| 113|0x000000070f600000, 0x000000070f600000, 0x000000070f800000|  0%| F|  |TAMS 0x000000070f600000, 0x000000070f600000| Untracked 
| 114|0x000000070f800000, 0x000000070f800000, 0x000000070fa00000|  0%| F|  |TAMS 0x000000070f800000, 0x000000070f800000| Untracked 
| 115|0x000000070fa00000, 0x000000070fa00000, 0x000000070fc00000|  0%| F|  |TAMS 0x000000070fa00000, 0x000000070fa00000| Untracked 
| 116|0x000000070fc00000, 0x000000070fc00000, 0x000000070fe00000|  0%| F|  |TAMS 0x000000070fc00000, 0x000000070fc00000| Untracked 
| 117|0x000000070fe00000, 0x000000070fe4bda0, 0x0000000710000000| 14%| S|  |TAMS 0x000000070fe00000, 0x000000070fe00000| Complete 
| 118|0x0000000710000000, 0x0000000710200000, 0x0000000710200000|100%| S|  |TAMS 0x0000000710000000, 0x0000000710000000| Complete 
| 119|0x0000000710200000, 0x0000000710400000, 0x0000000710400000|100%| S|  |TAMS 0x0000000710200000, 0x0000000710200000| Complete 
| 120|0x0000000710400000, 0x0000000710600000, 0x0000000710600000|100%| S|  |TAMS 0x0000000710400000, 0x0000000710400000| Complete 
| 121|0x0000000710600000, 0x0000000710800000, 0x0000000710800000|100%| E|CS|TAMS 0x0000000710600000, 0x0000000710800000| Complete 
| 122|0x0000000710800000, 0x0000000710a00000, 0x0000000710a00000|100%| E|CS|TAMS 0x0000000710800000, 0x0000000710a00000| Complete 
| 123|0x0000000710a00000, 0x0000000710c00000, 0x0000000710c00000|100%| E|CS|TAMS 0x0000000710a00000, 0x0000000710c00000| Complete 
| 124|0x0000000710c00000, 0x0000000710e00000, 0x0000000710e00000|100%| E|CS|TAMS 0x0000000710c00000, 0x0000000710e00000| Complete 
| 125|0x0000000710e00000, 0x0000000711000000, 0x0000000711000000|100%| E|CS|TAMS 0x0000000710e00000, 0x0000000711000000| Complete 
| 126|0x0000000711000000, 0x0000000711200000, 0x0000000711200000|100%| E|CS|TAMS 0x0000000711000000, 0x0000000711200000| Complete 
| 127|0x0000000711200000, 0x0000000711400000, 0x0000000711400000|100%| E|CS|TAMS 0x0000000711200000, 0x0000000711400000| Complete 

Card table byte_map: [0x0000023e4f100000,0x0000023e4f900000] _byte_map_base: 0x0000023e4b8f6000

Marking Bits (Prev, Next): (CMBitMap*) 0x0000023e43abd0d0, (CMBitMap*) 0x0000023e43abd110
 Prev Bits: [0x0000023e50100000, 0x0000023e540b0000)
 Next Bits: [0x0000023e540b0000, 0x0000023e58060000)

Polling page: 0x0000023e41790000

Metaspace:

Usage:
  Non-class:     18.00 MB used.
      Class:      2.80 MB used.
       Both:     20.80 MB used.

Virtual space:
  Non-class space:       64.00 MB reserved,      18.12 MB ( 28%) committed,  1 nodes.
      Class space:        1.00 GB reserved,       2.88 MB ( <1%) committed,  1 nodes.
             Both:        1.06 GB reserved,      21.00 MB (  2%) committed. 

Chunk freelists:
   Non-Class:  13.38 MB
       Class:  13.07 MB
        Both:  26.44 MB

MaxMetaspaceSize: unlimited
CompressedClassSpaceSize: 1.00 GB
Initial GC threshold: 21.00 MB
Current GC threshold: 21.00 MB
CDS: on
MetaspaceReclaimPolicy: balanced
 - commit_granule_bytes: 65536.
 - commit_granule_words: 8192.
 - virtual_space_node_default_size: 8388608.
 - enlarge_chunks_in_place: 1.
 - new_chunks_are_fully_committed: 0.
 - uncommit_free_chunks: 1.
 - use_allocation_guard: 0.
 - handle_deallocations: 1.


Internal statistics:

num_allocs_failed_limit: 3.
num_arena_births: 242.
num_arena_deaths: 0.
num_vsnodes_births: 2.
num_vsnodes_deaths: 0.
num_space_committed: 336.
num_space_uncommitted: 0.
num_chunks_returned_to_freelist: 3.
num_chunks_taken_from_freelist: 901.
num_chunk_merges: 3.
num_chunk_splits: 640.
num_chunks_enlarged: 512.
num_inconsistent_stats: 0.

CodeCache: size=49152Kb used=7668Kb max_used=7668Kb free=41483Kb
 bounds [0x0000023e4b5d0000, 0x0000023e4bd50000, 0x0000023e4e5d0000]
 total_blobs=3555 nmethods=3049 adapters=430
 compilation: enabled
              stopped_count=0, restarted_count=0
 full_count=0

Compilation events (20 events):
Event: 1.127 Thread 0x0000023e5ad764d0 3042       1       org.springframework.beans.factory.support.AbstractBeanDefinition::setNonPublicAccessAllowed (6 bytes)
Event: 1.127 Thread 0x0000023e5ad75f00 3043       1       org.springframework.beans.factory.support.AbstractBeanDefinition::isLenientConstructorResolution (5 bytes)
Event: 1.127 Thread 0x0000023e5f01c3b0 3044       1       org.springframework.beans.factory.support.AbstractBeanDefinition::setInitMethodNames (6 bytes)
Event: 1.127 Thread 0x0000023e5f104400 nmethod 3041 0x0000023e4bd4ae90 code [0x0000023e4bd4b020, 0x0000023e4bd4b0f8]
Event: 1.128 Thread 0x0000023e5ad764d0 nmethod 3042 0x0000023e4bd4b190 code [0x0000023e4bd4b320, 0x0000023e4bd4b3f8]
Event: 1.128 Thread 0x0000023e5f104400 3045       1       org.springframework.beans.factory.support.AbstractBeanDefinition::isEnforceInitMethod (5 bytes)
Event: 1.128 Thread 0x0000023e5ad764d0 3046       1       org.springframework.beans.factory.support.AbstractBeanDefinition::setDestroyMethodNames (6 bytes)
Event: 1.128 Thread 0x0000023e5ad75f00 nmethod 3043 0x0000023e4bd4b490 code [0x0000023e4bd4b620, 0x0000023e4bd4b6f8]
Event: 1.128 Thread 0x0000023e5f01c3b0 nmethod 3044 0x0000023e4bd4b790 code [0x0000023e4bd4b920, 0x0000023e4bd4ba38]
Event: 1.128 Thread 0x0000023e5ad75f00 3047       1       org.springframework.beans.factory.support.AbstractBeanDefinition::isEnforceDestroyMethod (5 bytes)
Event: 1.128 Thread 0x0000023e5f01c3b0 3048       1       org.springframework.beans.factory.support.AbstractBeanDefinition::getResource (5 bytes)
Event: 1.128 Thread 0x0000023e5f104400 nmethod 3045 0x0000023e4bd4ba90 code [0x0000023e4bd4bc20, 0x0000023e4bd4bcf8]
Event: 1.128 Thread 0x0000023e5ad764d0 nmethod 3046 0x0000023e4bd4bd90 code [0x0000023e4bd4bf20, 0x0000023e4bd4c038]
Event: 1.128 Thread 0x0000023e5f104400 3049       1       org.springframework.beans.factory.support.AbstractBeanFactory::isCacheBeanMetadata (5 bytes)
Event: 1.128 Thread 0x0000023e5ad75f00 nmethod 3047 0x0000023e4bd4c090 code [0x0000023e4bd4c220, 0x0000023e4bd4c2f8]
Event: 1.128 Thread 0x0000023e5f01c3b0 nmethod 3048 0x0000023e4bd4c390 code [0x0000023e4bd4c520, 0x0000023e4bd4c5f8]
Event: 1.128 Thread 0x0000023e5f104400 nmethod 3049 0x0000023e4bd4c690 code [0x0000023e4bd4c820, 0x0000023e4bd4c8f8]
Event: 1.133 Thread 0x0000023e5f104400 3050       1       java.lang.invoke.BoundMethodHandle$Species_L::make (11 bytes)
Event: 1.133 Thread 0x0000023e5f01c3b0 3051       1       java.util.TimSort::sort (229 bytes)
Event: 1.133 Thread 0x0000023e5f104400 nmethod 3050 0x0000023e4bd4cc90 code [0x0000023e4bd4ce20, 0x0000023e4bd4cfa8]

GC Heap History (7 events):
Event: 0.386 GC heap before
{Heap before GC invocations=0 (full 0):
 garbage-first heap   total 262144K, used 22528K [0x0000000701400000, 0x0000000800000000)
  region size 2048K, 11 young (22528K), 0 survivors (0K)
 Metaspace       used 6757K, committed 6912K, reserved 1114112K
  class space    used 862K, committed 960K, reserved 1048576K
}
Event: 0.389 GC heap after
{Heap after GC invocations=1 (full 0):
 garbage-first heap   total 262144K, used 6761K [0x0000000701400000, 0x0000000800000000)
  region size 2048K, 2 young (4096K), 2 survivors (4096K)
 Metaspace       used 6757K, committed 6912K, reserved 1114112K
  class space    used 862K, committed 960K, reserved 1048576K
}
Event: 0.632 GC heap before
{Heap before GC invocations=1 (full 0):
 garbage-first heap   total 262144K, used 27241K [0x0000000701400000, 0x0000000800000000)
  region size 2048K, 13 young (26624K), 2 survivors (4096K)
 Metaspace       used 10920K, committed 11136K, reserved 1114112K
  class space    used 1524K, committed 1600K, reserved 1048576K
}
Event: 0.635 GC heap after
{Heap after GC invocations=2 (full 0):
 garbage-first heap   total 262144K, used 8643K [0x0000000701400000, 0x0000000800000000)
  region size 2048K, 1 young (2048K), 1 survivors (2048K)
 Metaspace       used 10920K, committed 11136K, reserved 1114112K
  class space    used 1524K, committed 1600K, reserved 1048576K
}
Event: 1.028 GC heap before
{Heap before GC invocations=2 (full 0):
 garbage-first heap   total 262144K, used 68035K [0x0000000701400000, 0x0000000800000000)
  region size 2048K, 30 young (61440K), 1 survivors (2048K)
 Metaspace       used 19746K, committed 19968K, reserved 1114112K
  class space    used 2662K, committed 2752K, reserved 1048576K
}
Event: 1.031 GC heap after
{Heap after GC invocations=3 (full 0):
 garbage-first heap   total 262144K, used 12729K [0x0000000701400000, 0x0000000800000000)
  region size 2048K, 3 young (6144K), 3 survivors (6144K)
 Metaspace       used 19746K, committed 19968K, reserved 1114112K
  class space    used 2662K, committed 2752K, reserved 1048576K
}
Event: 1.133 GC heap before
{Heap before GC invocations=3 (full 0):
 garbage-first heap   total 262144K, used 25017K [0x0000000701400000, 0x0000000800000000)
  region size 2048K, 10 young (20480K), 3 survivors (6144K)
 Metaspace       used 21297K, committed 21504K, reserved 1114112K
  class space    used 2867K, committed 2944K, reserved 1048576K
}

Dll operation events (11 events):
Event: 0.005 Loaded shared library C:\Users\Administrator\.jdks\azul-17.0.7\bin\java.dll
Event: 0.011 Loaded shared library C:\Users\Administrator\.jdks\azul-17.0.7\bin\jsvml.dll
Event: 0.085 Loaded shared library C:\Users\Administrator\.jdks\azul-17.0.7\bin\zip.dll
Event: 0.087 Loaded shared library C:\Users\Administrator\.jdks\azul-17.0.7\bin\instrument.dll
Event: 0.090 Loaded shared library C:\Users\Administrator\.jdks\azul-17.0.7\bin\net.dll
Event: 0.091 Loaded shared library C:\Users\Administrator\.jdks\azul-17.0.7\bin\nio.dll
Event: 0.092 Loaded shared library C:\Users\Administrator\.jdks\azul-17.0.7\bin\zip.dll
Event: 0.135 Loaded shared library C:\Program Files\JetBrains\IntelliJ IDEA 2023.1\bin\breakgen64.dll
Event: 0.138 Loaded shared library C:\Users\Administrator\.jdks\azul-17.0.7\bin\jimage.dll
Event: 0.148 Loaded shared library C:\Users\Administrator\.jdks\azul-17.0.7\bin\management.dll
Event: 0.155 Loaded shared library C:\Users\Administrator\.jdks\azul-17.0.7\bin\management_ext.dll

Deoptimization events (2 events):
Event: 0.704 Thread 0x0000023e5f014360 DEOPT PACKING pc=0x0000023e4bb8a979 sp=0x0000006eb7efc9c0
Event: 0.704 Thread 0x0000023e5f014360 DEOPT UNPACKING pc=0x0000023e4b627143 sp=0x0000006eb7efbea0 mode 3

Classes unloaded (0 events):
No events

Classes redefined (0 events):
No events

Internal exceptions (20 events):
Event: 0.589 Thread 0x0000023e5f014360 Exception <a 'java/lang/NoSuchMethodError'{0x00000007100b0b30}: 'void java.lang.invoke.DirectMethodHandle$Holder.invokeInterface(java.lang.Object, java.lang.Object, java.lang.Object)'> (0x00000007100b0b30) 
thrown [s\src\hotspot\share\interpreter\linkResolver.cpp, line 759]
Event: 0.609 Thread 0x0000023e5f014360 Exception <a 'java/lang/NoSuchMethodError'{0x000000070fe40c48}: 'void java.lang.invoke.DirectMethodHandle$Holder.invokeStatic(java.lang.Object, java.lang.Object, int)'> (0x000000070fe40c48) 
thrown [s\src\hotspot\share\interpreter\linkResolver.cpp, line 759]
Event: 0.609 Thread 0x0000023e5f014360 Exception <a 'java/lang/NoSuchMethodError'{0x000000070fe48a70}: 'void java.lang.invoke.DirectMethodHandle$Holder.invokeStaticInit(java.lang.Object, java.lang.Object)'> (0x000000070fe48a70) 
thrown [s\src\hotspot\share\interpreter\linkResolver.cpp, line 759]
Event: 0.610 Thread 0x0000023e5f014360 Exception <a 'java/lang/NoSuchMethodError'{0x000000070fe55df0}: 'void java.lang.invoke.DirectMethodHandle$Holder.invokeStaticInit(java.lang.Object, java.lang.Object, java.lang.Object)'> (0x000000070fe55df0) 
thrown [s\src\hotspot\share\interpreter\linkResolver.cpp, line 759]
Event: 0.612 Thread 0x0000023e5f014360 Exception <a 'java/lang/NoSuchMethodError'{0x000000070fe69de0}: 'java.lang.Object java.lang.invoke.DirectMethodHandle$Holder.invokeStatic(java.lang.Object, java.lang.Object, long, java.lang.Object)'> (0x000000070fe69de0) 
thrown [s\src\hotspot\share\interpreter\linkResolver.cpp, line 759]
Event: 0.612 Thread 0x0000023e5f014360 Exception <a 'java/lang/NoSuchMethodError'{0x000000070fe6d878}: 'java.lang.Object java.lang.invoke.DirectMethodHandle$Holder.invokeStaticInit(java.lang.Object, java.lang.Object, long, java.lang.Object)'> (0x000000070fe6d878) 
thrown [s\src\hotspot\share\interpreter\linkResolver.cpp, line 759]
Event: 0.612 Thread 0x0000023e5f014360 Exception <a 'java/lang/NoSuchMethodError'{0x000000070fe73e88}: 'java.lang.Object java.lang.invoke.DirectMethodHandle$Holder.newInvokeSpecial(java.lang.Object, java.lang.Object, long)'> (0x000000070fe73e88) 
thrown [s\src\hotspot\share\interpreter\linkResolver.cpp, line 759]
Event: 0.612 Thread 0x0000023e5f014360 Exception <a 'java/lang/NoSuchMethodError'{0x000000070fe77d30}: 'java.lang.Object java.lang.invoke.Invokers$Holder.linkToTargetMethod(java.lang.Object, long, java.lang.Object)'> (0x000000070fe77d30) 
thrown [s\src\hotspot\share\interpreter\linkResolver.cpp, line 759]
Event: 0.617 Thread 0x0000023e5f014360 Exception <a 'java/lang/NoSuchMethodError'{0x000000070fec8c50}: 'void java.lang.invoke.DirectMethodHandle$Holder.invokeVirtual(java.lang.Object, java.lang.Object, java.lang.Object, java.lang.Object)'> (0x000000070fec8c50) 
thrown [s\src\hotspot\share\interpreter\linkResolver.cpp, line 759]
Event: 0.637 Thread 0x0000023e5f014360 Exception <a 'java/lang/NoSuchMethodError'{0x0000000711212548}: 'void java.lang.invoke.DirectMethodHandle$Holder.invokeSpecial(java.lang.Object, java.lang.Object, java.lang.Object)'> (0x0000000711212548) 
thrown [s\src\hotspot\share\interpreter\linkResolver.cpp, line 759]
Event: 0.640 Thread 0x0000023e5f014360 Exception <a 'java/lang/IncompatibleClassChangeError'{0x0000000711242c28}: Found class java.lang.Object, but interface was expected> (0x0000000711242c28) 
thrown [s\src\hotspot\share\interpreter\linkResolver.cpp, line 826]
Event: 0.751 Thread 0x0000023e5f014360 Exception <a 'java/lang/NoSuchMethodError'{0x000000070fd4eca8}: 'int java.lang.invoke.DirectMethodHandle$Holder.invokeSpecial(java.lang.Object, java.lang.Object, java.lang.Object, java.lang.Object, java.lang.Object)'> (0x000000070fd4eca8) 
thrown [s\src\hotspot\share\interpreter\linkResolver.cpp, line 759]
Event: 0.752 Thread 0x0000023e5f014360 Exception <a 'java/lang/NoSuchMethodError'{0x000000070fd57878}: 'void java.lang.invoke.DirectMethodHandle$Holder.invokeVirtual(java.lang.Object, java.lang.Object)'> (0x000000070fd57878) 
thrown [s\src\hotspot\share\interpreter\linkResolver.cpp, line 759]
Event: 0.785 Thread 0x0000023e5f015cb0 Exception <a 'java/lang/NoSuchMethodError'{0x000000070f36ebe0}: 'long java.lang.invoke.DirectMethodHandle$Holder.invokeSpecial(java.lang.Object, java.lang.Object)'> (0x000000070f36ebe0) 
thrown [s\src\hotspot\share\interpreter\linkResolver.cpp, line 759]
Event: 0.785 Thread 0x0000023e5f015cb0 Exception <a 'java/lang/NoSuchMethodError'{0x000000070f379e08}: 'long java.lang.invoke.DirectMethodHandle$Holder.invokeStatic(java.lang.Object, java.lang.Object)'> (0x000000070f379e08) 
thrown [s\src\hotspot\share\interpreter\linkResolver.cpp, line 759]
Event: 0.785 Thread 0x0000023e5f015cb0 Exception <a 'java/lang/NoSuchMethodError'{0x000000070f37d408}: 'long java.lang.invoke.DirectMethodHandle$Holder.invokeStaticInit(java.lang.Object, java.lang.Object)'> (0x000000070f37d408) 
thrown [s\src\hotspot\share\interpreter\linkResolver.cpp, line 759]
Event: 0.786 Thread 0x0000023e5f015cb0 Exception <a 'java/lang/NoSuchMethodError'{0x000000070f38afc8}: 'long java.lang.invoke.DirectMethodHandle$Holder.invokeInterface(java.lang.Object, java.lang.Object)'> (0x000000070f38afc8) 
thrown [s\src\hotspot\share\interpreter\linkResolver.cpp, line 759]
Event: 0.786 Thread 0x0000023e5f015cb0 Exception <a 'java/lang/IncompatibleClassChangeError'{0x000000070f38e558}: Found class java.lang.Object, but interface was expected> (0x000000070f38e558) 
thrown [s\src\hotspot\share\interpreter\linkResolver.cpp, line 826]
Event: 0.791 Thread 0x0000023e5f015cb0 Exception <a 'java/lang/NoSuchMethodError'{0x000000070f0993f8}: 'java.lang.Object java.lang.invoke.DirectMethodHandle$Holder.invokeVirtual(java.lang.Object, java.lang.Object, java.lang.Object, java.lang.Object)'> (0x000000070f0993f8) 
thrown [s\src\hotspot\share\interpreter\linkResolver.cpp, line 759]
Event: 0.847 Thread 0x0000023e5f014360 Exception <a 'java/lang/IncompatibleClassChangeError'{0x000000070eaf7b18}: Found class java.lang.Object, but interface was expected> (0x000000070eaf7b18) 
thrown [s\src\hotspot\share\interpreter\linkResolver.cpp, line 826]

VM Operations (20 events):
Event: 0.635 Executing VM operation: G1CollectForAllocation done
Event: 0.636 Executing VM operation: HandshakeAllThreads
Event: 0.636 Executing VM operation: HandshakeAllThreads done
Event: 0.726 Executing VM operation: HandshakeAllThreads
Event: 0.726 Executing VM operation: HandshakeAllThreads done
Event: 0.740 Executing VM operation: HandshakeAllThreads
Event: 0.740 Executing VM operation: HandshakeAllThreads done
Event: 0.745 Executing VM operation: HandshakeAllThreads
Event: 0.745 Executing VM operation: HandshakeAllThreads done
Event: 0.911 Executing VM operation: ICBufferFull
Event: 0.911 Executing VM operation: ICBufferFull done
Event: 1.028 Executing VM operation: G1CollectForAllocation
Event: 1.031 Executing VM operation: G1CollectForAllocation done
Event: 1.131 Executing VM operation: HandshakeAllThreads
Event: 1.131 Executing VM operation: HandshakeAllThreads done
Event: 1.132 Executing VM operation: HandshakeAllThreads
Event: 1.132 Executing VM operation: HandshakeAllThreads done
Event: 1.132 Executing VM operation: HandshakeAllThreads
Event: 1.132 Executing VM operation: HandshakeAllThreads done
Event: 1.133 Executing VM operation: CollectForMetadataAllocation

Events (20 events):
Event: 1.041 loading class sun/util/resources/TimeZoneNamesBundle done
Event: 1.041 loading class sun/util/resources/cldr/TimeZoneNames done
Event: 1.041 loading class sun/util/resources/cldr/TimeZoneNames_en
Event: 1.041 loading class sun/util/resources/cldr/TimeZoneNames_en done
Event: 1.042 loading class sun/util/resources/cldr/TimeZoneNames_en_US
Event: 1.042 loading class sun/util/resources/cldr/TimeZoneNames_en_US done
Event: 1.042 loading class sun/util/resources/TimeZoneNames
Event: 1.043 loading class sun/util/resources/TimeZoneNames done
Event: 1.043 loading class sun/util/resources/TimeZoneNames_en
Event: 1.043 loading class sun/util/resources/TimeZoneNames_en done
Event: 1.125 loading class java/lang/UnsupportedClassVersionError
Event: 1.125 loading class java/lang/ClassFormatError
Event: 1.125 loading class java/lang/ClassFormatError done
Event: 1.125 loading class java/lang/UnsupportedClassVersionError done
Event: 1.131 loading class java/util/Collections$UnmodifiableMap$UnmodifiableEntrySet
Event: 1.131 loading class java/util/Collections$UnmodifiableMap$UnmodifiableEntrySet done
Event: 1.131 loading class java/util/Collections$UnmodifiableMap$UnmodifiableEntrySet$1
Event: 1.131 loading class java/util/Collections$UnmodifiableMap$UnmodifiableEntrySet$1 done
Event: 1.131 loading class java/util/Collections$UnmodifiableMap$UnmodifiableEntrySet$UnmodifiableEntry
Event: 1.131 loading class java/util/Collections$UnmodifiableMap$UnmodifiableEntrySet$UnmodifiableEntry done


Dynamic libraries:
0x00007ff691de0000 - 0x00007ff691dee000 	C:\Users\Administrator\.jdks\azul-17.0.7\bin\java.exe
0x00007ff96e370000 - 0x00007ff96e568000 	C:\Windows\SYSTEM32\ntdll.dll
0x00007ff96d630000 - 0x00007ff96d6ef000 	C:\Windows\System32\KERNEL32.DLL
0x00007ff96ba50000 - 0x00007ff96bd46000 	C:\Windows\System32\KERNELBASE.dll
0x00007ff96c1a0000 - 0x00007ff96c2a0000 	C:\Windows\System32\ucrtbase.dll
0x00007ff955390000 - 0x00007ff9553a9000 	C:\Users\Administrator\.jdks\azul-17.0.7\bin\jli.dll
0x00007ff955370000 - 0x00007ff95538b000 	C:\Users\Administrator\.jdks\azul-17.0.7\bin\VCRUNTIME140.dll
0x00007ff96c5c0000 - 0x00007ff96c75d000 	C:\Windows\System32\USER32.dll
0x00007ff96c350000 - 0x00007ff96c372000 	C:\Windows\System32\win32u.dll
0x00007ff958c60000 - 0x00007ff958efa000 	C:\Windows\WinSxS\amd64_microsoft.windows.common-controls_6595b64144ccf1df_6.0.19041.1110_none_60b5254171f9507e\COMCTL32.dll
0x00007ff96ded0000 - 0x00007ff96defc000 	C:\Windows\System32\GDI32.dll
0x00007ff96d870000 - 0x00007ff96d90e000 	C:\Windows\System32\msvcrt.dll
0x00007ff96bd50000 - 0x00007ff96be65000 	C:\Windows\System32\gdi32full.dll
0x00007ff96be70000 - 0x00007ff96bf0d000 	C:\Windows\System32\msvcp_win.dll
0x00007ff96d500000 - 0x00007ff96d530000 	C:\Windows\System32\IMM32.DLL
0x00007ff956440000 - 0x00007ff95644c000 	C:\Users\Administrator\.jdks\azul-17.0.7\bin\vcruntime140_1.dll
0x00007ff951500000 - 0x00007ff95158d000 	C:\Users\Administrator\.jdks\azul-17.0.7\bin\msvcp140.dll
0x00007ff938af0000 - 0x00007ff939755000 	C:\Users\Administrator\.jdks\azul-17.0.7\bin\server\jvm.dll
0x00007ff96d6f0000 - 0x00007ff96d79f000 	C:\Windows\System32\ADVAPI32.dll
0x00007ff96de30000 - 0x00007ff96decc000 	C:\Windows\System32\sechost.dll
0x00007ff96d3d0000 - 0x00007ff96d4f6000 	C:\Windows\System32\RPCRT4.dll
0x00007ff969240000 - 0x00007ff969249000 	C:\Windows\SYSTEM32\WSOCK32.dll
0x00007ff96d5b0000 - 0x00007ff96d61b000 	C:\Windows\System32\WS2_32.dll
0x00007ff95b500000 - 0x00007ff95b527000 	C:\Windows\SYSTEM32\WINMM.dll
0x00007ff966450000 - 0x00007ff96645a000 	C:\Windows\SYSTEM32\VERSION.dll
0x00007ff969920000 - 0x00007ff969932000 	C:\Windows\SYSTEM32\kernel.appcore.dll
0x00007ff955540000 - 0x00007ff95554a000 	C:\Users\Administrator\.jdks\azul-17.0.7\bin\jimage.dll
0x00007ff9592b0000 - 0x00007ff959494000 	C:\Windows\SYSTEM32\DBGHELP.DLL
0x00007ff9527c0000 - 0x00007ff9527f4000 	C:\Windows\SYSTEM32\dbgcore.DLL
0x00007ff96c110000 - 0x00007ff96c192000 	C:\Windows\System32\bcryptPrimitives.dll
0x00007ff967620000 - 0x00007ff96762e000 	C:\Users\Administrator\.jdks\azul-17.0.7\bin\instrument.dll
0x00007ff955340000 - 0x00007ff955365000 	C:\Users\Administrator\.jdks\azul-17.0.7\bin\java.dll
0x00007ff94ff30000 - 0x00007ff950007000 	C:\Users\Administrator\.jdks\azul-17.0.7\bin\jsvml.dll
0x00007ff96c920000 - 0x00007ff96d064000 	C:\Windows\System32\SHELL32.dll
0x00007ff969b20000 - 0x00007ff96a2b4000 	C:\Windows\SYSTEM32\windows.storage.dll
0x00007ff96d070000 - 0x00007ff96d3c4000 	C:\Windows\System32\combase.dll
0x00007ff96b490000 - 0x00007ff96b4be000 	C:\Windows\SYSTEM32\Wldp.dll
0x00007ff96d7c0000 - 0x00007ff96d86d000 	C:\Windows\System32\SHCORE.dll
0x00007ff96c550000 - 0x00007ff96c5a5000 	C:\Windows\System32\shlwapi.dll
0x00007ff96b980000 - 0x00007ff96b9a5000 	C:\Windows\SYSTEM32\profapi.dll
0x00007ff954f00000 - 0x00007ff954f18000 	C:\Users\Administrator\.jdks\azul-17.0.7\bin\zip.dll
0x00007ff955320000 - 0x00007ff955339000 	C:\Users\Administrator\.jdks\azul-17.0.7\bin\net.dll
0x00007ff965500000 - 0x00007ff96560a000 	C:\Windows\SYSTEM32\WINHTTP.dll
0x00007ff96b1f0000 - 0x00007ff96b25a000 	C:\Windows\system32\mswsock.dll
0x00007ff955300000 - 0x00007ff955316000 	C:\Users\Administrator\.jdks\azul-17.0.7\bin\nio.dll
0x00007ff9675b0000 - 0x00007ff9675ca000 	C:\Program Files\JetBrains\IntelliJ IDEA 2023.1\bin\breakgen64.dll
0x00007ff96aed0000 - 0x00007ff96af9a000 	C:\Windows\SYSTEM32\DNSAPI.dll
0x00007ff96ae90000 - 0x00007ff96aecc000 	C:\Windows\SYSTEM32\IPHLPAPI.DLL
0x00007ff96c5b0000 - 0x00007ff96c5b8000 	C:\Windows\System32\NSI.dll
0x00007ff9568b0000 - 0x00007ff9568ba000 	C:\Windows\System32\rasadhlp.dll
0x00007ff956bb0000 - 0x00007ff956c32000 	C:\Windows\System32\fwpuclnt.dll
0x00007ff96c070000 - 0x00007ff96c097000 	C:\Windows\System32\bcrypt.dll
0x00007ff969190000 - 0x00007ff969199000 	C:\Users\Administrator\.jdks\azul-17.0.7\bin\management.dll
0x00007ff967630000 - 0x00007ff96763b000 	C:\Users\Administrator\.jdks\azul-17.0.7\bin\management_ext.dll
0x00007ff96e2c0000 - 0x00007ff96e2c8000 	C:\Windows\System32\PSAPI.DLL
0x00007ff96b3e0000 - 0x00007ff96b3f8000 	C:\Windows\SYSTEM32\CRYPTSP.dll
0x00007ff96aaa0000 - 0x00007ff96aad4000 	C:\Windows\system32\rsaenh.dll
0x00007ff96b940000 - 0x00007ff96b96e000 	C:\Windows\SYSTEM32\USERENV.dll
0x00007ff96b400000 - 0x00007ff96b40c000 	C:\Windows\SYSTEM32\CRYPTBASE.dll
0x00007ff965c20000 - 0x00007ff965c37000 	C:\Windows\SYSTEM32\dhcpcsvc6.DLL
0x00007ff965ed0000 - 0x00007ff965eed000 	C:\Windows\SYSTEM32\dhcpcsvc.DLL
0x00007ff950b80000 - 0x00007ff950b97000 	C:\Windows\system32\napinsp.dll
0x00007ff950b60000 - 0x00007ff950b7b000 	C:\Windows\system32\pnrpnsp.dll
0x00007ff950b40000 - 0x00007ff950b55000 	C:\Windows\system32\wshbth.dll
0x00007ff967540000 - 0x00007ff96755d000 	C:\Windows\system32\NLAapi.dll
0x00007ff950b20000 - 0x00007ff950b32000 	C:\Windows\System32\winrnr.dll

dbghelp: loaded successfully - version: 4.0.5 - missing functions: none
symbol engine: initialized successfully - sym options: 0x614 - pdb path: .;C:\Users\Administrator\.jdks\azul-17.0.7\bin;C:\Windows\SYSTEM32;C:\Windows\WinSxS\amd64_microsoft.windows.common-controls_6595b64144ccf1df_6.0.19041.1110_none_60b5254171f9507e;C:\Users\Administrator\.jdks\azul-17.0.7\bin\server;C:\Program Files\JetBrains\IntelliJ IDEA 2023.1\bin

VM Arguments:
jvm_args: -XX:TieredStopAtLevel=1 -Dspring.output.ansi.enabled=always -Dcom.sun.management.jmxremote -Dspring.jmx.enabled=true -Dspring.liveBeansView.mbeanDomain -Dspring.application.admin.enabled=true -Dmanagement.endpoints.jmx.exposure.include=* -javaagent:C:\Program Files\JetBrains\IntelliJ IDEA 2023.1\lib\idea_rt.jar=61113:C:\Program Files\JetBrains\IntelliJ IDEA 2023.1\bin -Dfile.encoding=UTF-8 
java_command: com.green.secondproject.SecondProjectApplication
java_class_path (initial): D:\Students\hischool\target\classes;C:\Users\Administrator\.m2\repository\org\springframework\boot\spring-boot-starter-jdbc\3.1.2\spring-boot-starter-jdbc-3.1.2.jar;C:\Users\Administrator\.m2\repository\org\springframework\boot\spring-boot-starter\3.1.2\spring-boot-starter-3.1.2.jar;C:\Users\Administrator\.m2\repository\org\springframework\boot\spring-boot-starter-logging\3.1.2\spring-boot-starter-logging-3.1.2.jar;C:\Users\Administrator\.m2\repository\ch\qos\logback\logback-classic\1.4.8\logback-classic-1.4.8.jar;C:\Users\Administrator\.m2\repository\ch\qos\logback\logback-core\1.4.8\logback-core-1.4.8.jar;C:\Users\Administrator\.m2\repository\org\apache\logging\log4j\log4j-to-slf4j\2.20.0\log4j-to-slf4j-2.20.0.jar;C:\Users\Administrator\.m2\repository\org\apache\logging\log4j\log4j-api\2.20.0\log4j-api-2.20.0.jar;C:\Users\Administrator\.m2\repository\org\slf4j\jul-to-slf4j\2.0.7\jul-to-slf4j-2.0.7.jar;C:\Users\Administrator\.m2\repository\jakarta\annotation\jakarta.annotation-api\2.1.1\jakarta.annotation-api-2.1.1.jar;C:\Users\Administrator\.m2\repository\org\yaml\snakeyaml\1.33\snakeyaml-1.33.jar;C:\Users\Administrator\.m2\repository\com\zaxxer\HikariCP\5.0.1\HikariCP-5.0.1.jar;C:\Users\Administrator\.m2\repository\org\springframework\spring-jdbc\6.0.11\spring-jdbc-6.0.11.jar;C:\Users\Administrator\.m2\repository\org\springframework\boot\spring-boot-starter-web\3.1.2\spring-boot-starter-web-3.1.2.jar;C:\Users\Administrator\.m2\repository\org\springframework\boot\spring-boot-starter-json\3.1.2\spring-boot-starter-json-3.1.2.jar;C:\Users\Administrator\.m2\repository\com\fasterxml\jackson\datatype\jackson-datatype-jdk8\2.15.2\jackson-datatype-jdk8-2.15.2.jar;C:\Users\Administrator\.m2\repository\com\fasterxml\jackson\datatype\jackson-datatype-jsr310\2.15.2\jackson-datatype-jsr310-2.15.2.jar;C:\Users\Administrator\.m2\repository\com\fasterxml\jackson\module\jackson-module-parameter-names\2.15.2\jackson-module-parameter-names-2.15.2.jar;C:
Launcher Type: SUN_STANDARD

[Global flags]
     intx CICompilerCount                          = 4                                         {product} {ergonomic}
     uint ConcGCThreads                            = 3                                         {product} {ergonomic}
     uint G1ConcRefinementThreads                  = 10                                        {product} {ergonomic}
   size_t G1HeapRegionSize                         = 2097152                                   {product} {ergonomic}
    uintx GCDrainStackTargetSize                   = 64                                        {product} {ergonomic}
   size_t InitialHeapSize                          = 268435456                                 {product} {ergonomic}
     bool ManagementServer                         = true                                      {product} {command line}
   size_t MarkStackSize                            = 4194304                                   {product} {ergonomic}
   size_t MaxHeapSize                              = 4273995776                                {product} {ergonomic}
   size_t MaxNewSize                               = 2562719744                                {product} {ergonomic}
   size_t MinHeapDeltaBytes                        = 2097152                                   {product} {ergonomic}
   size_t MinHeapSize                              = 8388608                                   {product} {ergonomic}
    uintx NonProfiledCodeHeapSize                  = 0                                      {pd product} {ergonomic}
     bool ProfileInterpreter                       = false                                  {pd product} {command line}
    uintx ProfiledCodeHeapSize                     = 0                                      {pd product} {ergonomic}
   size_t SoftMaxHeapSize                          = 4273995776                             {manageable} {ergonomic}
     intx TieredStopAtLevel                        = 1                                         {product} {command line}
     bool UseCompressedClassPointers               = true                           {product lp64_product} {ergonomic}
     bool UseCompressedOops                        = true                           {product lp64_product} {ergonomic}
     bool UseG1GC                                  = true                                      {product} {ergonomic}
     bool UseLargePagesIndividualAllocation        = false                                  {pd product} {ergonomic}

Logging:
Log output configuration:
 #0: stdout all=warning uptime,level,tags
 #1: stderr all=off uptime,level,tags

Environment Variables:
JAVA_HOME=C:\Users\Administrator\.jdks\azul-17.0.7
CLASSPATH=C:\Users\Administrator\.jdks\azul-17.0.7\lib
PATH=C:\Program Files (x86)\Common Files\Intel\Shared Libraries\redist\intel64_win\compiler;C:\Program Files (x86)\Common Files\Intel\Shared Libraries\redist\intel64\compiler;C:\Windows\system32;C:\Windows;C:\Windows\System32\Wbem;C:\Windows\System32\WindowsPowerShell\v1.0\;C:\Windows\System32\OpenSSH\;C:\Program Files\Bandizip\;C:\Program Files\Git\cmd;?C:\Users\Administrator\.jdks\azul-17.0.7\bin;C:\Users\Administrator\AppData\Local\Microsoft\WindowsApps;C:\Users\Administrator\AppData\Local\Programs\Microsoft VS Code\bin;C:\Program Files\JetBrains\IntelliJ IDEA 2023.1\bin;;C:\Users\Administrator\.jdks\azul-17.0.7\bin;
USERNAME=Administrator
OS=Windows_NT
PROCESSOR_IDENTIFIER=Intel64 Family 6 Model 158 Stepping 10, GenuineIntel
TMP=C:\Users\ADMINI~1\AppData\Local\Temp
TEMP=C:\Users\ADMINI~1\AppData\Local\Temp



---------------  S Y S T E M  ---------------

OS:
 Windows 10 , 64 bit Build 19041 (10.0.19041.3155)
OS uptime: 1 days 5:56 hours

CPU: total 12 (initial active 12) (6 cores per cpu, 2 threads per core) family 6 model 158 stepping 10 microcode 0xb4, cx8, cmov, fxsr, ht, mmx, 3dnowpref, sse, sse2, sse3, ssse3, sse4.1, sse4.2, popcnt, lzcnt, tsc, tscinvbit, avx, avx2, aes, erms, clmul, bmi1, bmi2, rtm, adx, fma, vzeroupper, clflush, clflushopt

Memory: 4k page, system-wide physical 16301M (5186M free)
TotalPageFile size 18832M (AvailPageFile size 2631M)
current process WorkingSet (physical memory assigned to process): 149M, peak: 149M
current process commit charge ("private bytes"): 387M, peak: 387M

vm_info: OpenJDK 64-Bit Server VM (17.0.7+7-LTS) for windows-amd64 JRE (17.0.7+7-LTS) (Zulu17.42+19-CA), built on Apr 10 2023 13:02:30 by "zulu_re" with MS VC++ 16.10 / 16.11 (VS2019)

END.
